Added Component: Designator=J1(M3 Spade Hole)
Add component. Clean all parameters for all variants
Added Component: Designator=J2(M3 Spade Hole)
Add component. Clean all parameters for all variants
Added Component: Designator=J3(M3 Spade Hole)
Add component. Clean all parameters for all variants
Added Component: Designator=J4(M3 Spade Hole)
Add component. Clean all parameters for all variants
Added Component: Designator=J5(M3 Spade Hole)
Add component. Clean all parameters for all variants
Added Component: Designator=J6(M3 Spade Hole)
Add component. Clean all parameters for all variants
Added Pin To Net: NetName=PHA Pin=J1-1
Added Pin To Net: NetName=PHB Pin=J2-1
Added Pin To Net: NetName=PHC Pin=J3-1
Added Pin To Net: NetName=PHD Pin=J4-1
Added Pin To Net: NetName=DCBUS Pin=J5-1
Added Pin To Net: NetName=S_REF Pin=J6-1
Added Member To Class: ClassName=power Member=Component J1 
Added Member To Class: ClassName=power Member=Component J2 
Added Member To Class: ClassName=power Member=Component J3 
Added Member To Class: ClassName=power Member=Component J4 
Added Member To Class: ClassName=power Member=Component J5 
Added Member To Class: ClassName=power Member=Component J6 
Added Room: Name=power
