Removed Pin From Net: NetName=GND Pin=Q7-2
Removed Pin From Net: NetName=GND Pin=Q8-2
Removed Pin From Net: NetName=GND Pin=Q9-2
Removed Pin From Net: NetName=+5v Pin=R7-2
Removed Pin From Net: NetName=+5v Pin=R8-2
Removed Pin From Net: NetName=+5v Pin=R9-2
Removed Member From Class: ClassName=power Member=Q7
Removed Member From Class: ClassName=power Member=Q8
Removed Member From Class: ClassName=power Member=Q9
Removed Member From Class: ClassName=power Member=R7
Removed Member From Class: ClassName=power Member=R8
Removed Member From Class: ClassName=power Member=R9
Removed Member From Class: ClassName=power Member=R10
Removed Member From Class: ClassName=power Member=R11
Removed Member From Class: ClassName=power Member=R12
Added Pin To Net: NetName=G_EN Pin=U1-3
Added Pin To Net: NetName=G_EN Pin=U2-3
Added Pin To Net: NetName=G_EN Pin=U4-3
Added Net: Name=G_EN
Added Member To Class: ClassName=mcu Member=Component J ENC/I2C
Added Member To Class: ClassName=mcu Member=Component J CAN
Added Room: Name=mcu
Added Room: Name=power
