Added Component: Designator=BOOT(SW_1437566-4)
Add component. Clean all parameters for all variants
Add component (AddParameter): Name = "Comment_1"; Value = ""; VariantName = "[No Variations]"
Add component (AddParameter): Name = "Configuration_Pole-Throw"; Value = "Single Pole - Single Throw"; VariantName = "[No Variations]"
Add component (AddParameter): Name = "Contact_Current_Rating"; Value = "50 mA"; VariantName = "[No Variations]"
Add component (AddParameter): Name = "Digi-Key_Part_Number"; Value = "450-1758-1-ND"; VariantName = "[No Variations]"
Add component (AddParameter): Name = "Digi-Key_Purchase_URL"; Value = "https://www.digikey.com/product-detail/en/te-connectivity-alcoswitch-switches/FSMSMTR/450-1758-1-ND/2271637?utm_source=snapeda&utm_medium=aggregator&utm_campaign=symbol"; VariantName = "[No Variations]"
Add component (AddParameter): Name = "MF"; Value = "TE Connectivity"; VariantName = "[No Variations]"
Add component (AddParameter): Name = "MP"; Value = "FSMSMTR"; VariantName = "[No Variations]"
Add component (AddParameter): Name = "Package"; Value = "None"; VariantName = "[No Variations]"
Add component (AddParameter): Name = "SnapEDA_Link"; Value = "https://www.snapeda.com/parts/FSMSMTR/TE%20Connectivity%20ALCOSWITCH%20Switches/view-part/2118497/?ref=snap"; VariantName = "[No Variations]"
Add component (AddParameter): Name = "TE_purchase_URL"; Value = "https://www.te.com/usa-en/product-1437566-4.html?te_bu=Cor&te_type=disp&te_campaign=seda_glo_cor-seda-global-disp-prtnr-fy19-seda-model-bom-cta_sma-317_1&elqCampaignId=32493"; VariantName = "[No Variations]"
Add component (AddParameter): Name = "Value"; Value = ""; VariantName = "[No Variations]"
Added Component: Designator=C1(_1206)
Add component. Clean all parameters for all variants
Add component (AddParameter): Name = "Value"; Value = "100nF"; VariantName = "[No Variations]"
Added Component: Designator=C2(_1206)
Add component. Clean all parameters for all variants
Add component (AddParameter): Name = "Value"; Value = "10uF"; VariantName = "[No Variations]"
Added Component: Designator=C3(_1206)
Add component. Clean all parameters for all variants
Add component (AddParameter): Name = "Value"; Value = "100nF"; VariantName = "[No Variations]"
Added Component: Designator=C4(_1206)
Add component. Clean all parameters for all variants
Add component (AddParameter): Name = "Value"; Value = "10uF"; VariantName = "[No Variations]"
Added Component: Designator=C5(_1206)
Add component. Clean all parameters for all variants
Add component (AddParameter): Name = "Value"; Value = "100nF"; VariantName = "[No Variations]"
Added Component: Designator=C6(_1206)
Add component. Clean all parameters for all variants
Add component (AddParameter): Name = "Value"; Value = "10uF"; VariantName = "[No Variations]"
Added Component: Designator=C7(_1206)
Add component. Clean all parameters for all variants
Add component (AddParameter): Name = "Value"; Value = "100nF"; VariantName = "[No Variations]"
Added Component: Designator=C8(_1206)
Add component. Clean all parameters for all variants
Add component (AddParameter): Name = "Value"; Value = "10uF"; VariantName = "[No Variations]"
Added Component: Designator=C9(_CPOL-RADIAL-5MM-10MM)
Add component. Clean all parameters for all variants
Add component (AddParameter): Name = "Value"; Value = "560uF"; VariantName = "[No Variations]"
Added Component: Designator=C10(_CPOL-RADIAL-5MM-10MM)
Add component. Clean all parameters for all variants
Add component (AddParameter): Name = "Value"; Value = "560uF"; VariantName = "[No Variations]"
Added Component: Designator=C11(_1206)
Add component. Clean all parameters for all variants
Add component (AddParameter): Name = "Value"; Value = "100nF"; VariantName = "[No Variations]"
Added Component: Designator=C12(_1206)
Add component. Clean all parameters for all variants
Add component (AddParameter): Name = "Value"; Value = "10uF"; VariantName = "[No Variations]"
Added Component: Designator=C13(_1206)
Add component. Clean all parameters for all variants
Add component (AddParameter): Name = "Value"; Value = "100nF"; VariantName = "[No Variations]"
Added Component: Designator=C14(_1206)
Add component. Clean all parameters for all variants
Add component (AddParameter): Name = "Value"; Value = "10uF"; VariantName = "[No Variations]"
Added Component: Designator=C15(_0805)
Add component. Clean all parameters for all variants
Add component (AddParameter): Name = "Value"; Value = "100nf"; VariantName = "[No Variations]"
Added Component: Designator=C16(_0805)
Add component. Clean all parameters for all variants
Add component (AddParameter): Name = "Value"; Value = "22uf"; VariantName = "[No Variations]"
Added Component: Designator=C17(_0805)
Add component. Clean all parameters for all variants
Add component (AddParameter): Name = "Value"; Value = "100NF"; VariantName = "[No Variations]"
Added Component: Designator=C18(_EIA3216)
Add component. Clean all parameters for all variants
Add component (AddParameter): Name = "Value"; Value = "22uf"; VariantName = "[No Variations]"
Added Component: Designator=C19(_CPOL-RADIAL-5MM-10MM)
Add component. Clean all parameters for all variants
Add component (AddParameter): Name = "Value"; Value = "100uF"; VariantName = "[No Variations]"
Added Component: Designator=C20(_CPOL-RADIAL-5MM-10MM)
Add component. Clean all parameters for all variants
Add component (AddParameter): Name = "Value"; Value = "100uF"; VariantName = "[No Variations]"
Added Component: Designator=C21(_CPOL-RADIAL-5MM-10MM)
Add component. Clean all parameters for all variants
Add component (AddParameter): Name = "Value"; Value = "100uF"; VariantName = "[No Variations]"
Added Component: Designator=C22(_1206)
Add component. Clean all parameters for all variants
Add component (AddParameter): Name = "Value"; Value = "100nF"; VariantName = "[No Variations]"
Added Component: Designator=C23(_1206)
Add component. Clean all parameters for all variants
Add component (AddParameter): Name = "Value"; Value = "100nF"; VariantName = "[No Variations]"
Added Component: Designator=C24(_1206)
Add component. Clean all parameters for all variants
Add component (AddParameter): Name = "Value"; Value = "100nF"; VariantName = "[No Variations]"
Added Component: Designator=DP1(430X270D)
Add component. Clean all parameters for all variants
Add component (AddParameter): Name = "Data"; Value = "16-12-2016"; VariantName = "[No Variations]"
Add component (AddParameter): Name = "Designer"; Value = "Abbas Basereh"; VariantName = "[No Variations]"
Add component (AddParameter): Name = "Link"; Value = ""; VariantName = "[No Variations]"
Add component (AddParameter): Name = "Part. No"; Value = ""; VariantName = "[No Variations]"
Added Component: Designator=DP2(430X270D)
Add component. Clean all parameters for all variants
Add component (AddParameter): Name = "Data"; Value = "16-12-2016"; VariantName = "[No Variations]"
Add component (AddParameter): Name = "Designer"; Value = "Abbas Basereh"; VariantName = "[No Variations]"
Add component (AddParameter): Name = "Link"; Value = ""; VariantName = "[No Variations]"
Add component (AddParameter): Name = "Part. No"; Value = ""; VariantName = "[No Variations]"
Added Component: Designator=DP3(430X270D)
Add component. Clean all parameters for all variants
Add component (AddParameter): Name = "Data"; Value = "16-12-2016"; VariantName = "[No Variations]"
Add component (AddParameter): Name = "Designer"; Value = "Abbas Basereh"; VariantName = "[No Variations]"
Add component (AddParameter): Name = "Link"; Value = ""; VariantName = "[No Variations]"
Add component (AddParameter): Name = "Part. No"; Value = ""; VariantName = "[No Variations]"
Added Component: Designator=DP4(430X270D)
Add component. Clean all parameters for all variants
Add component (AddParameter): Name = "Data"; Value = "16-12-2016"; VariantName = "[No Variations]"
Add component (AddParameter): Name = "Designer"; Value = "Abbas Basereh"; VariantName = "[No Variations]"
Add component (AddParameter): Name = "Link"; Value = ""; VariantName = "[No Variations]"
Add component (AddParameter): Name = "Part. No"; Value = ""; VariantName = "[No Variations]"
Added Component: Designator=EN(SW_1437566-4)
Add component. Clean all parameters for all variants
Add component (AddParameter): Name = "Comment_1"; Value = ""; VariantName = "[No Variations]"
Add component (AddParameter): Name = "Configuration_Pole-Throw"; Value = "Single Pole - Single Throw"; VariantName = "[No Variations]"
Add component (AddParameter): Name = "Contact_Current_Rating"; Value = "50 mA"; VariantName = "[No Variations]"
Add component (AddParameter): Name = "Digi-Key_Part_Number"; Value = "450-1758-1-ND"; VariantName = "[No Variations]"
Add component (AddParameter): Name = "Digi-Key_Purchase_URL"; Value = "https://www.digikey.com/product-detail/en/te-connectivity-alcoswitch-switches/FSMSMTR/450-1758-1-ND/2271637?utm_source=snapeda&utm_medium=aggregator&utm_campaign=symbol"; VariantName = "[No Variations]"
Add component (AddParameter): Name = "MF"; Value = "TE Connectivity"; VariantName = "[No Variations]"
Add component (AddParameter): Name = "MP"; Value = "FSMSMTR"; VariantName = "[No Variations]"
Add component (AddParameter): Name = "Package"; Value = "None"; VariantName = "[No Variations]"
Add component (AddParameter): Name = "SnapEDA_Link"; Value = "https://www.snapeda.com/parts/FSMSMTR/TE%20Connectivity%20ALCOSWITCH%20Switches/view-part/2118497/?ref=snap"; VariantName = "[No Variations]"
Add component (AddParameter): Name = "TE_purchase_URL"; Value = "https://www.te.com/usa-en/product-1437566-4.html?te_bu=Cor&te_type=disp&te_campaign=seda_glo_cor-seda-global-disp-prtnr-fy19-seda-model-bom-cta_sma-317_1&elqCampaignId=32493"; VariantName = "[No Variations]"
Add component (AddParameter): Name = "Value"; Value = ""; VariantName = "[No Variations]"
Added Component: Designator=IC1(MODULE_ESP32-WROOM-32)
Add component. Clean all parameters for all variants
Add component (AddParameter): Name = "Check_prices"; Value = "https://www.snapeda.com/parts/ESP32-WROOM-32/Espressif+Systems/view-part/?ref=eda"; VariantName = "[No Variations]"
Add component (AddParameter): Name = "Digi-Key_Part_Number"; Value = "1965-ESP32-WROOM-32U-N4CT-ND"; VariantName = "[No Variations]"
Add component (AddParameter): Name = "MF"; Value = "Espressif Systems"; VariantName = "[No Variations]"
Add component (AddParameter): Name = "MP"; Value = "ESP32-WROOM-32"; VariantName = "[No Variations]"
Add component (AddParameter): Name = "Package"; Value = "Module Espressif Systems"; VariantName = "[No Variations]"
Add component (AddParameter): Name = "Purchase-URL"; Value = "https://pricing.snapeda.com/search/part/ESP32-WROOM-32/?ref=eda"; VariantName = "[No Variations]"
Add component (AddParameter): Name = "SnapEDA_Link"; Value = "https://www.snapeda.com/parts/ESP32-WROOM-32/Espressif+Systems/view-part/?ref=snap"; VariantName = "[No Variations]"
Add component (AddParameter): Name = "Value"; Value = ""; VariantName = "[No Variations]"
Added Component: Designator=J1(M3 Spade Hole)
Add component. Clean all parameters for all variants
Added Component: Designator=J2(M3 Spade Hole)
Add component. Clean all parameters for all variants
Added Component: Designator=J3(M3 Spade Hole)
Add component. Clean all parameters for all variants
Added Component: Designator=J4(M3 Spade Hole)
Add component. Clean all parameters for all variants
Added Component: Designator=J7(JST_SM05B-SRSS-TB(LF)(SN))
Add component. Clean all parameters for all variants
Add component (AddParameter): Name = "Availability"; Value = "In Stock"; VariantName = "[No Variations]"
Add component (AddParameter): Name = "Check_prices"; Value = "https://www.snapeda.com/parts/SM05B-SRSS-TB(LF)(SN)/JST+Sales+America+Inc./view-part/?ref=eda"; VariantName = "[No Variations]"
Add component (AddParameter): Name = "MF"; Value = "JST Sales"; VariantName = "[No Variations]"
Add component (AddParameter): Name = "MP"; Value = "SM05B-SRSS-TB(LF)(SN)"; VariantName = "[No Variations]"
Add component (AddParameter): Name = "Package"; Value = "None"; VariantName = "[No Variations]"
Add component (AddParameter): Name = "Price"; Value = "None"; VariantName = "[No Variations]"
Add component (AddParameter): Name = "SnapEDA_Link"; Value = "https://www.snapeda.com/parts/SM05B-SRSS-TB(LF)(SN)/JST+Sales+America+Inc./view-part/?ref=snap"; VariantName = "[No Variations]"
Add component (AddParameter): Name = "Value"; Value = ""; VariantName = "[No Variations]"
Added Component: Designator=J8(JST_SM04B-SRSS-TB(LF)(SN))
Add component. Clean all parameters for all variants
Add component (AddParameter): Name = "Availability"; Value = "Unavailable"; VariantName = "[No Variations]"
Add component (AddParameter): Name = "MF"; Value = "JST Sales"; VariantName = "[No Variations]"
Add component (AddParameter): Name = "MP"; Value = "SM04B-SRSS-TB_LF__SN_"; VariantName = "[No Variations]"
Add component (AddParameter): Name = "Package"; Value = "None"; VariantName = "[No Variations]"
Add component (AddParameter): Name = "Price"; Value = "None"; VariantName = "[No Variations]"
Add component (AddParameter): Name = "SnapEDA_Link"; Value = "https://www.snapeda.com/parts/SM04B-SRSS-TB%28LF%29%28SN%29/JST%20Sales%20America%20Inc./view-part/557466/?ref=snap"; VariantName = "[No Variations]"
Add component (AddParameter): Name = "Value"; Value = ""; VariantName = "[No Variations]"
Added Component: Designator=J9(My_USB)
Add component. Clean all parameters for all variants
Add component (AddParameter): Name = "ComponentLink1Description"; Value = "Manufacturer Link"; VariantName = "[No Variations]"
Add component (AddParameter): Name = "ComponentLink1URL"; Value = "http://www.tycoelectronics.com/"; VariantName = "[No Variations]"
Add component (AddParameter): Name = "ComponentLink2Description"; Value = "Packaging Specification"; VariantName = "[No Variations]"
Add component (AddParameter): Name = "ComponentLink2URL"; Value = "http://ecommas.tycoelectronics.com/commerce/DocumentDelivery/DDEController?Action=showdoc&DocId=Customer+Drawing%7F440247%7FD%7Fpdf%7FEnglish%7FC_440247_D.pdf"; VariantName = "[No Variations]"
Add component (AddParameter): Name = "ContactMaterial"; Value = "Copper Alloy"; VariantName = "[No Variations]"
Add component (AddParameter): Name = "ContactPlating"; Value = "Gold (30)"; VariantName = "[No Variations]"
Add component (AddParameter): Name = "DatasheetDocument"; Value = "27-Jun-2003"; VariantName = "[No Variations]"
Add component (AddParameter): Name = "DrillSize"; Value = "Corresponds to nominal value."; VariantName = "[No Variations]"
Add component (AddParameter): Name = "HousingMaterial"; Value = "Thermoplastic"; VariantName = "[No Variations]"
Add component (AddParameter): Name = "PackageDocument"; Value = "27-Jun-2003"; VariantName = "[No Variations]"
Add component (AddParameter): Name = "PackageReference"; Value = "440247"; VariantName = "[No Variations]"
Add component (AddParameter): Name = "PanelGround"; Value = "Without"; VariantName = "[No Variations]"
Add component (AddParameter): Name = "PCB_Layout"; Value = "Complies with manufacturer's recommendation."; VariantName = "[No Variations]"
Add component (AddParameter): Name = "Published"; Value = "15-Jul-2004"; VariantName = "[No Variations]"
Add component (AddParameter): Name = "Publisher"; Value = "Altium Limited"; VariantName = "[No Variations]"
Added Component: Designator=J(JST_SM06B-SRSS-TB(LF)(SN))
Add component. Clean all parameters for all variants
Add component (AddParameter): Name = "Digi-Key_Part_Number"; Value = "455-1806-1-ND"; VariantName = "[No Variations]"
Add component (AddParameter): Name = "Digi-Key_Purchase_URL"; Value = "https://www.digikey.com/product-detail/en/jst-sales-america-inc/SM06B-SRSS-TB_LF__SN_/455-1806-1-ND/926877?utm_source=snapeda&utm_medium=aggregator&utm_campaign=symbol"; VariantName = "[No Variations]"
Add component (AddParameter): Name = "MF"; Value = "JST Sales"; VariantName = "[No Variations]"
Add component (AddParameter): Name = "MP"; Value = "SM06B-SRSS-TB_LF__SN_"; VariantName = "[No Variations]"
Add component (AddParameter): Name = "Package"; Value = "None"; VariantName = "[No Variations]"
Add component (AddParameter): Name = "SnapEDA_Link"; Value = "https://www.snapeda.com/parts/SM06B-SRSS-TB%28LF%29%28SN%29/JST%20Sales%20America%20Inc./view-part/554386/?ref=snap"; VariantName = "[No Variations]"
Add component (AddParameter): Name = "Value"; Value = ""; VariantName = "[No Variations]"
Added Component: Designator=J(JST_SM04B-SRSS-TB(LF)(SN))
Add component. Clean all parameters for all variants
Add component (AddParameter): Name = "Availability"; Value = "Unavailable"; VariantName = "[No Variations]"
Add component (AddParameter): Name = "MF"; Value = "JST Sales"; VariantName = "[No Variations]"
Add component (AddParameter): Name = "MP"; Value = "SM04B-SRSS-TB_LF__SN_"; VariantName = "[No Variations]"
Add component (AddParameter): Name = "Package"; Value = "None"; VariantName = "[No Variations]"
Add component (AddParameter): Name = "Price"; Value = "None"; VariantName = "[No Variations]"
Add component (AddParameter): Name = "SnapEDA_Link"; Value = "https://www.snapeda.com/parts/SM04B-SRSS-TB%28LF%29%28SN%29/JST%20Sales%20America%20Inc./view-part/557466/?ref=snap"; VariantName = "[No Variations]"
Add component (AddParameter): Name = "Value"; Value = ""; VariantName = "[No Variations]"
Added Component: Designator=J(JST_SM03B-SRSS-TB(LF)(SN))
Add component. Clean all parameters for all variants
Add component (AddParameter): Name = "Availability"; Value = "Unavailable"; VariantName = "[No Variations]"
Add component (AddParameter): Name = "MF"; Value = "JST Sales"; VariantName = "[No Variations]"
Add component (AddParameter): Name = "MP"; Value = "SM03B-SRSS-TB_LF__SN_"; VariantName = "[No Variations]"
Add component (AddParameter): Name = "Package"; Value = "None"; VariantName = "[No Variations]"
Add component (AddParameter): Name = "Price"; Value = "None"; VariantName = "[No Variations]"
Add component (AddParameter): Name = "SnapEDA_Link"; Value = "https://www.snapeda.com/parts/SM03B-SRSS-TB%28LF%29%28SN%29/JST%20Sales%20America%20Inc./view-part/3227115/?ref=snap"; VariantName = "[No Variations]"
Add component (AddParameter): Name = "Value"; Value = ""; VariantName = "[No Variations]"
Added Component: Designator=L1(_INDUCTOR-SMD-13.0mm)
Add component. Clean all parameters for all variants
Add component (AddParameter): Name = "Value"; Value = "10uH"; VariantName = "[No Variations]"
Added Component: Designator=Q1(TO229P994X240-3N)
Add component. Clean all parameters for all variants
Add component (AddParameter): Name = "Category"; Value = "Discrete Semiconductor Products"; VariantName = "[No Variations]"
Add component (AddParameter): Name = "ComponentLink1Description"; Value = "http://www.onsemi.com/pub_link/Collateral/NTMFS4935N-D.PDF"; VariantName = "[No Variations]"
Add component (AddParameter): Name = "ComponentLink1URL"; Value = "http://www.onsemi.com/pub_link/Collateral/NTMFS4935N-D.PDF"; VariantName = "[No Variations]"
Add component (AddParameter): Name = "Current - Continuous Drain (Id) @ 25°C"; Value = "13A (Ta), 93A (Tc)"; VariantName = "[No Variations]"
Add component (AddParameter): Name = "Drain to Source Voltage (Vdss)"; Value = "30V"; VariantName = "[No Variations]"
Add component (AddParameter): Name = "Drive Voltage (Max Rds On,  Min Rds On)"; Value = "4.5V, 10V"; VariantName = "[No Variations]"
Add component (AddParameter): Name = "FET Feature"; Value = "-"; VariantName = "[No Variations]"
Add component (AddParameter): Name = "FET Type"; Value = "N-Channel"; VariantName = "[No Variations]"
Add component (AddParameter): Name = "Gate Charge (Qg) (Max) @ Vgs"; Value = "49.4nC @ 10V"; VariantName = "[No Variations]"
Add component (AddParameter): Name = "Input Capacitance (Ciss) (Max) @ Vds"; Value = "4850pF @ 15V"; VariantName = "[No Variations]"
Add component (AddParameter): Name = "Manufacturer"; Value = "ON Semiconductor"; VariantName = "[No Variations]"
Add component (AddParameter): Name = "Manufacturer Part Number"; Value = "NTMFS4935NT1G"; VariantName = "[No Variations]"
Add component (AddParameter): Name = "Mounting Type"; Value = "Surface Mount"; VariantName = "[No Variations]"
Add component (AddParameter): Name = "Operating Temperature"; Value = "-55°C ~ 150°C (TJ)"; VariantName = "[No Variations]"
Add component (AddParameter): Name = "Package / Case"; Value = "8-PowerTDFN, 5 Leads"; VariantName = "[No Variations]"
Add component (AddParameter): Name = "Packaging"; Value = "Cut Tape (CT)"; VariantName = "[No Variations]"
Add component (AddParameter): Name = "Part Status"; Value = "Active"; VariantName = "[No Variations]"
Add component (AddParameter): Name = "Power Dissipation (Max)"; Value = "930mW (Ta), 48W (Tc)"; VariantName = "[No Variations]"
Add component (AddParameter): Name = "Pricing 1"; Value = "1=0.61, 10=0.541, 100=0.4145, 500=0.3277 (USD)"; VariantName = "[No Variations]"
Add component (AddParameter): Name = "Rds On (Max) @ Id, Vgs"; Value = "3.2 mOhm @ 30A, 10V"; VariantName = "[No Variations]"
Add component (AddParameter): Name = "RoHS"; Value = "RoHS Compliant"; VariantName = "[No Variations]"
Add component (AddParameter): Name = "Stock 1"; Value = "932"; VariantName = "[No Variations]"
Add component (AddParameter): Name = "Supplier 1"; Value = "Digi-Key"; VariantName = "[No Variations]"
Add component (AddParameter): Name = "Supplier Device Package"; Value = "5-DFN (5x6) (8-SOFL)"; VariantName = "[No Variations]"
Add component (AddParameter): Name = "Supplier Part Number 1"; Value = "NTMFS4935NT1GOSCT-ND"; VariantName = "[No Variations]"
Add component (AddParameter): Name = "Technology"; Value = "MOSFET (Metal Oxide)"; VariantName = "[No Variations]"
Add component (AddParameter): Name = "Vgs (Max)"; Value = "±20V"; VariantName = "[No Variations]"
Add component (AddParameter): Name = "Vgs(th) (Max) @ Id"; Value = "2.2V @ 250µA"; VariantName = "[No Variations]"
Added Component: Designator=Q2(TO229P994X240-3N)
Add component. Clean all parameters for all variants
Add component (AddParameter): Name = "Category"; Value = "Discrete Semiconductor Products"; VariantName = "[No Variations]"
Add component (AddParameter): Name = "ComponentLink1Description"; Value = "http://www.onsemi.com/pub_link/Collateral/NTMFS4935N-D.PDF"; VariantName = "[No Variations]"
Add component (AddParameter): Name = "ComponentLink1URL"; Value = "http://www.onsemi.com/pub_link/Collateral/NTMFS4935N-D.PDF"; VariantName = "[No Variations]"
Add component (AddParameter): Name = "Current - Continuous Drain (Id) @ 25°C"; Value = "13A (Ta), 93A (Tc)"; VariantName = "[No Variations]"
Add component (AddParameter): Name = "Drain to Source Voltage (Vdss)"; Value = "30V"; VariantName = "[No Variations]"
Add component (AddParameter): Name = "Drive Voltage (Max Rds On,  Min Rds On)"; Value = "4.5V, 10V"; VariantName = "[No Variations]"
Add component (AddParameter): Name = "FET Feature"; Value = "-"; VariantName = "[No Variations]"
Add component (AddParameter): Name = "FET Type"; Value = "N-Channel"; VariantName = "[No Variations]"
Add component (AddParameter): Name = "Gate Charge (Qg) (Max) @ Vgs"; Value = "49.4nC @ 10V"; VariantName = "[No Variations]"
Add component (AddParameter): Name = "Input Capacitance (Ciss) (Max) @ Vds"; Value = "4850pF @ 15V"; VariantName = "[No Variations]"
Add component (AddParameter): Name = "Manufacturer"; Value = "ON Semiconductor"; VariantName = "[No Variations]"
Add component (AddParameter): Name = "Manufacturer Part Number"; Value = "NTMFS4935NT1G"; VariantName = "[No Variations]"
Add component (AddParameter): Name = "Mounting Type"; Value = "Surface Mount"; VariantName = "[No Variations]"
Add component (AddParameter): Name = "Operating Temperature"; Value = "-55°C ~ 150°C (TJ)"; VariantName = "[No Variations]"
Add component (AddParameter): Name = "Package / Case"; Value = "8-PowerTDFN, 5 Leads"; VariantName = "[No Variations]"
Add component (AddParameter): Name = "Packaging"; Value = "Cut Tape (CT)"; VariantName = "[No Variations]"
Add component (AddParameter): Name = "Part Status"; Value = "Active"; VariantName = "[No Variations]"
Add component (AddParameter): Name = "Power Dissipation (Max)"; Value = "930mW (Ta), 48W (Tc)"; VariantName = "[No Variations]"
Add component (AddParameter): Name = "Pricing 1"; Value = "1=0.61, 10=0.541, 100=0.4145, 500=0.3277 (USD)"; VariantName = "[No Variations]"
Add component (AddParameter): Name = "Rds On (Max) @ Id, Vgs"; Value = "3.2 mOhm @ 30A, 10V"; VariantName = "[No Variations]"
Add component (AddParameter): Name = "RoHS"; Value = "RoHS Compliant"; VariantName = "[No Variations]"
Add component (AddParameter): Name = "Stock 1"; Value = "932"; VariantName = "[No Variations]"
Add component (AddParameter): Name = "Supplier 1"; Value = "Digi-Key"; VariantName = "[No Variations]"
Add component (AddParameter): Name = "Supplier Device Package"; Value = "5-DFN (5x6) (8-SOFL)"; VariantName = "[No Variations]"
Add component (AddParameter): Name = "Supplier Part Number 1"; Value = "NTMFS4935NT1GOSCT-ND"; VariantName = "[No Variations]"
Add component (AddParameter): Name = "Technology"; Value = "MOSFET (Metal Oxide)"; VariantName = "[No Variations]"
Add component (AddParameter): Name = "Vgs (Max)"; Value = "±20V"; VariantName = "[No Variations]"
Add component (AddParameter): Name = "Vgs(th) (Max) @ Id"; Value = "2.2V @ 250µA"; VariantName = "[No Variations]"
Added Component: Designator=Q3(TO229P994X240-3N)
Add component. Clean all parameters for all variants
Add component (AddParameter): Name = "Category"; Value = "Discrete Semiconductor Products"; VariantName = "[No Variations]"
Add component (AddParameter): Name = "ComponentLink1Description"; Value = "http://www.onsemi.com/pub_link/Collateral/NTMFS4935N-D.PDF"; VariantName = "[No Variations]"
Add component (AddParameter): Name = "ComponentLink1URL"; Value = "http://www.onsemi.com/pub_link/Collateral/NTMFS4935N-D.PDF"; VariantName = "[No Variations]"
Add component (AddParameter): Name = "Current - Continuous Drain (Id) @ 25°C"; Value = "13A (Ta), 93A (Tc)"; VariantName = "[No Variations]"
Add component (AddParameter): Name = "Drain to Source Voltage (Vdss)"; Value = "30V"; VariantName = "[No Variations]"
Add component (AddParameter): Name = "Drive Voltage (Max Rds On,  Min Rds On)"; Value = "4.5V, 10V"; VariantName = "[No Variations]"
Add component (AddParameter): Name = "FET Feature"; Value = "-"; VariantName = "[No Variations]"
Add component (AddParameter): Name = "FET Type"; Value = "N-Channel"; VariantName = "[No Variations]"
Add component (AddParameter): Name = "Gate Charge (Qg) (Max) @ Vgs"; Value = "49.4nC @ 10V"; VariantName = "[No Variations]"
Add component (AddParameter): Name = "Input Capacitance (Ciss) (Max) @ Vds"; Value = "4850pF @ 15V"; VariantName = "[No Variations]"
Add component (AddParameter): Name = "Manufacturer"; Value = "ON Semiconductor"; VariantName = "[No Variations]"
Add component (AddParameter): Name = "Manufacturer Part Number"; Value = "NTMFS4935NT1G"; VariantName = "[No Variations]"
Add component (AddParameter): Name = "Mounting Type"; Value = "Surface Mount"; VariantName = "[No Variations]"
Add component (AddParameter): Name = "Operating Temperature"; Value = "-55°C ~ 150°C (TJ)"; VariantName = "[No Variations]"
Add component (AddParameter): Name = "Package / Case"; Value = "8-PowerTDFN, 5 Leads"; VariantName = "[No Variations]"
Add component (AddParameter): Name = "Packaging"; Value = "Cut Tape (CT)"; VariantName = "[No Variations]"
Add component (AddParameter): Name = "Part Status"; Value = "Active"; VariantName = "[No Variations]"
Add component (AddParameter): Name = "Power Dissipation (Max)"; Value = "930mW (Ta), 48W (Tc)"; VariantName = "[No Variations]"
Add component (AddParameter): Name = "Pricing 1"; Value = "1=0.61, 10=0.541, 100=0.4145, 500=0.3277 (USD)"; VariantName = "[No Variations]"
Add component (AddParameter): Name = "Rds On (Max) @ Id, Vgs"; Value = "3.2 mOhm @ 30A, 10V"; VariantName = "[No Variations]"
Add component (AddParameter): Name = "RoHS"; Value = "RoHS Compliant"; VariantName = "[No Variations]"
Add component (AddParameter): Name = "Stock 1"; Value = "932"; VariantName = "[No Variations]"
Add component (AddParameter): Name = "Supplier 1"; Value = "Digi-Key"; VariantName = "[No Variations]"
Add component (AddParameter): Name = "Supplier Device Package"; Value = "5-DFN (5x6) (8-SOFL)"; VariantName = "[No Variations]"
Add component (AddParameter): Name = "Supplier Part Number 1"; Value = "NTMFS4935NT1GOSCT-ND"; VariantName = "[No Variations]"
Add component (AddParameter): Name = "Technology"; Value = "MOSFET (Metal Oxide)"; VariantName = "[No Variations]"
Add component (AddParameter): Name = "Vgs (Max)"; Value = "±20V"; VariantName = "[No Variations]"
Add component (AddParameter): Name = "Vgs(th) (Max) @ Id"; Value = "2.2V @ 250µA"; VariantName = "[No Variations]"
Added Component: Designator=Q4(TO229P994X240-3N)
Add component. Clean all parameters for all variants
Add component (AddParameter): Name = "Category"; Value = "Discrete Semiconductor Products"; VariantName = "[No Variations]"
Add component (AddParameter): Name = "ComponentLink1Description"; Value = "http://www.onsemi.com/pub_link/Collateral/NTMFS4935N-D.PDF"; VariantName = "[No Variations]"
Add component (AddParameter): Name = "ComponentLink1URL"; Value = "http://www.onsemi.com/pub_link/Collateral/NTMFS4935N-D.PDF"; VariantName = "[No Variations]"
Add component (AddParameter): Name = "Current - Continuous Drain (Id) @ 25°C"; Value = "13A (Ta), 93A (Tc)"; VariantName = "[No Variations]"
Add component (AddParameter): Name = "Drain to Source Voltage (Vdss)"; Value = "30V"; VariantName = "[No Variations]"
Add component (AddParameter): Name = "Drive Voltage (Max Rds On,  Min Rds On)"; Value = "4.5V, 10V"; VariantName = "[No Variations]"
Add component (AddParameter): Name = "FET Feature"; Value = "-"; VariantName = "[No Variations]"
Add component (AddParameter): Name = "FET Type"; Value = "N-Channel"; VariantName = "[No Variations]"
Add component (AddParameter): Name = "Gate Charge (Qg) (Max) @ Vgs"; Value = "49.4nC @ 10V"; VariantName = "[No Variations]"
Add component (AddParameter): Name = "Input Capacitance (Ciss) (Max) @ Vds"; Value = "4850pF @ 15V"; VariantName = "[No Variations]"
Add component (AddParameter): Name = "Manufacturer"; Value = "ON Semiconductor"; VariantName = "[No Variations]"
Add component (AddParameter): Name = "Manufacturer Part Number"; Value = "NTMFS4935NT1G"; VariantName = "[No Variations]"
Add component (AddParameter): Name = "Mounting Type"; Value = "Surface Mount"; VariantName = "[No Variations]"
Add component (AddParameter): Name = "Operating Temperature"; Value = "-55°C ~ 150°C (TJ)"; VariantName = "[No Variations]"
Add component (AddParameter): Name = "Package / Case"; Value = "8-PowerTDFN, 5 Leads"; VariantName = "[No Variations]"
Add component (AddParameter): Name = "Packaging"; Value = "Cut Tape (CT)"; VariantName = "[No Variations]"
Add component (AddParameter): Name = "Part Status"; Value = "Active"; VariantName = "[No Variations]"
Add component (AddParameter): Name = "Power Dissipation (Max)"; Value = "930mW (Ta), 48W (Tc)"; VariantName = "[No Variations]"
Add component (AddParameter): Name = "Pricing 1"; Value = "1=0.61, 10=0.541, 100=0.4145, 500=0.3277 (USD)"; VariantName = "[No Variations]"
Add component (AddParameter): Name = "Rds On (Max) @ Id, Vgs"; Value = "3.2 mOhm @ 30A, 10V"; VariantName = "[No Variations]"
Add component (AddParameter): Name = "RoHS"; Value = "RoHS Compliant"; VariantName = "[No Variations]"
Add component (AddParameter): Name = "Stock 1"; Value = "932"; VariantName = "[No Variations]"
Add component (AddParameter): Name = "Supplier 1"; Value = "Digi-Key"; VariantName = "[No Variations]"
Add component (AddParameter): Name = "Supplier Device Package"; Value = "5-DFN (5x6) (8-SOFL)"; VariantName = "[No Variations]"
Add component (AddParameter): Name = "Supplier Part Number 1"; Value = "NTMFS4935NT1GOSCT-ND"; VariantName = "[No Variations]"
Add component (AddParameter): Name = "Technology"; Value = "MOSFET (Metal Oxide)"; VariantName = "[No Variations]"
Add component (AddParameter): Name = "Vgs (Max)"; Value = "±20V"; VariantName = "[No Variations]"
Add component (AddParameter): Name = "Vgs(th) (Max) @ Id"; Value = "2.2V @ 250µA"; VariantName = "[No Variations]"
Added Component: Designator=Q5(TO229P994X240-3N)
Add component. Clean all parameters for all variants
Add component (AddParameter): Name = "Category"; Value = "Discrete Semiconductor Products"; VariantName = "[No Variations]"
Add component (AddParameter): Name = "ComponentLink1Description"; Value = "http://www.onsemi.com/pub_link/Collateral/NTMFS4935N-D.PDF"; VariantName = "[No Variations]"
Add component (AddParameter): Name = "ComponentLink1URL"; Value = "http://www.onsemi.com/pub_link/Collateral/NTMFS4935N-D.PDF"; VariantName = "[No Variations]"
Add component (AddParameter): Name = "Current - Continuous Drain (Id) @ 25°C"; Value = "13A (Ta), 93A (Tc)"; VariantName = "[No Variations]"
Add component (AddParameter): Name = "Drain to Source Voltage (Vdss)"; Value = "30V"; VariantName = "[No Variations]"
Add component (AddParameter): Name = "Drive Voltage (Max Rds On,  Min Rds On)"; Value = "4.5V, 10V"; VariantName = "[No Variations]"
Add component (AddParameter): Name = "FET Feature"; Value = "-"; VariantName = "[No Variations]"
Add component (AddParameter): Name = "FET Type"; Value = "N-Channel"; VariantName = "[No Variations]"
Add component (AddParameter): Name = "Gate Charge (Qg) (Max) @ Vgs"; Value = "49.4nC @ 10V"; VariantName = "[No Variations]"
Add component (AddParameter): Name = "Input Capacitance (Ciss) (Max) @ Vds"; Value = "4850pF @ 15V"; VariantName = "[No Variations]"
Add component (AddParameter): Name = "Manufacturer"; Value = "ON Semiconductor"; VariantName = "[No Variations]"
Add component (AddParameter): Name = "Manufacturer Part Number"; Value = "NTMFS4935NT1G"; VariantName = "[No Variations]"
Add component (AddParameter): Name = "Mounting Type"; Value = "Surface Mount"; VariantName = "[No Variations]"
Add component (AddParameter): Name = "Operating Temperature"; Value = "-55°C ~ 150°C (TJ)"; VariantName = "[No Variations]"
Add component (AddParameter): Name = "Package / Case"; Value = "8-PowerTDFN, 5 Leads"; VariantName = "[No Variations]"
Add component (AddParameter): Name = "Packaging"; Value = "Cut Tape (CT)"; VariantName = "[No Variations]"
Add component (AddParameter): Name = "Part Status"; Value = "Active"; VariantName = "[No Variations]"
Add component (AddParameter): Name = "Power Dissipation (Max)"; Value = "930mW (Ta), 48W (Tc)"; VariantName = "[No Variations]"
Add component (AddParameter): Name = "Pricing 1"; Value = "1=0.61, 10=0.541, 100=0.4145, 500=0.3277 (USD)"; VariantName = "[No Variations]"
Add component (AddParameter): Name = "Rds On (Max) @ Id, Vgs"; Value = "3.2 mOhm @ 30A, 10V"; VariantName = "[No Variations]"
Add component (AddParameter): Name = "RoHS"; Value = "RoHS Compliant"; VariantName = "[No Variations]"
Add component (AddParameter): Name = "Stock 1"; Value = "932"; VariantName = "[No Variations]"
Add component (AddParameter): Name = "Supplier 1"; Value = "Digi-Key"; VariantName = "[No Variations]"
Add component (AddParameter): Name = "Supplier Device Package"; Value = "5-DFN (5x6) (8-SOFL)"; VariantName = "[No Variations]"
Add component (AddParameter): Name = "Supplier Part Number 1"; Value = "NTMFS4935NT1GOSCT-ND"; VariantName = "[No Variations]"
Add component (AddParameter): Name = "Technology"; Value = "MOSFET (Metal Oxide)"; VariantName = "[No Variations]"
Add component (AddParameter): Name = "Vgs (Max)"; Value = "±20V"; VariantName = "[No Variations]"
Add component (AddParameter): Name = "Vgs(th) (Max) @ Id"; Value = "2.2V @ 250µA"; VariantName = "[No Variations]"
Added Component: Designator=Q6(TO229P994X240-3N)
Add component. Clean all parameters for all variants
Add component (AddParameter): Name = "Category"; Value = "Discrete Semiconductor Products"; VariantName = "[No Variations]"
Add component (AddParameter): Name = "ComponentLink1Description"; Value = "http://www.onsemi.com/pub_link/Collateral/NTMFS4935N-D.PDF"; VariantName = "[No Variations]"
Add component (AddParameter): Name = "ComponentLink1URL"; Value = "http://www.onsemi.com/pub_link/Collateral/NTMFS4935N-D.PDF"; VariantName = "[No Variations]"
Add component (AddParameter): Name = "Current - Continuous Drain (Id) @ 25°C"; Value = "13A (Ta), 93A (Tc)"; VariantName = "[No Variations]"
Add component (AddParameter): Name = "Drain to Source Voltage (Vdss)"; Value = "30V"; VariantName = "[No Variations]"
Add component (AddParameter): Name = "Drive Voltage (Max Rds On,  Min Rds On)"; Value = "4.5V, 10V"; VariantName = "[No Variations]"
Add component (AddParameter): Name = "FET Feature"; Value = "-"; VariantName = "[No Variations]"
Add component (AddParameter): Name = "FET Type"; Value = "N-Channel"; VariantName = "[No Variations]"
Add component (AddParameter): Name = "Gate Charge (Qg) (Max) @ Vgs"; Value = "49.4nC @ 10V"; VariantName = "[No Variations]"
Add component (AddParameter): Name = "Input Capacitance (Ciss) (Max) @ Vds"; Value = "4850pF @ 15V"; VariantName = "[No Variations]"
Add component (AddParameter): Name = "Manufacturer"; Value = "ON Semiconductor"; VariantName = "[No Variations]"
Add component (AddParameter): Name = "Manufacturer Part Number"; Value = "NTMFS4935NT1G"; VariantName = "[No Variations]"
Add component (AddParameter): Name = "Mounting Type"; Value = "Surface Mount"; VariantName = "[No Variations]"
Add component (AddParameter): Name = "Operating Temperature"; Value = "-55°C ~ 150°C (TJ)"; VariantName = "[No Variations]"
Add component (AddParameter): Name = "Package / Case"; Value = "8-PowerTDFN, 5 Leads"; VariantName = "[No Variations]"
Add component (AddParameter): Name = "Packaging"; Value = "Cut Tape (CT)"; VariantName = "[No Variations]"
Add component (AddParameter): Name = "Part Status"; Value = "Active"; VariantName = "[No Variations]"
Add component (AddParameter): Name = "Power Dissipation (Max)"; Value = "930mW (Ta), 48W (Tc)"; VariantName = "[No Variations]"
Add component (AddParameter): Name = "Pricing 1"; Value = "1=0.61, 10=0.541, 100=0.4145, 500=0.3277 (USD)"; VariantName = "[No Variations]"
Add component (AddParameter): Name = "Rds On (Max) @ Id, Vgs"; Value = "3.2 mOhm @ 30A, 10V"; VariantName = "[No Variations]"
Add component (AddParameter): Name = "RoHS"; Value = "RoHS Compliant"; VariantName = "[No Variations]"
Add component (AddParameter): Name = "Stock 1"; Value = "932"; VariantName = "[No Variations]"
Add component (AddParameter): Name = "Supplier 1"; Value = "Digi-Key"; VariantName = "[No Variations]"
Add component (AddParameter): Name = "Supplier Device Package"; Value = "5-DFN (5x6) (8-SOFL)"; VariantName = "[No Variations]"
Add component (AddParameter): Name = "Supplier Part Number 1"; Value = "NTMFS4935NT1GOSCT-ND"; VariantName = "[No Variations]"
Add component (AddParameter): Name = "Technology"; Value = "MOSFET (Metal Oxide)"; VariantName = "[No Variations]"
Add component (AddParameter): Name = "Vgs (Max)"; Value = "±20V"; VariantName = "[No Variations]"
Add component (AddParameter): Name = "Vgs(th) (Max) @ Id"; Value = "2.2V @ 250µA"; VariantName = "[No Variations]"
Added Component: Designator=Q7(SOT23_N)
Add component. Clean all parameters for all variants
Add component (AddParameter): Name = "ComponentLink1Description"; Value = "Manufacturer Link"; VariantName = "[No Variations]"
Add component (AddParameter): Name = "ComponentLink1URL"; Value = "http://www.nxp.com/"; VariantName = "[No Variations]"
Add component (AddParameter): Name = "ComponentLink2Description"; Value = "Datasheet"; VariantName = "[No Variations]"
Add component (AddParameter): Name = "ComponentLink2URL"; Value = "http://www.nxp.com/"; VariantName = "[No Variations]"
Add component (AddParameter): Name = "DatasheetVersion"; Value = "2017"; VariantName = "[No Variations]"
Add component (AddParameter): Name = "LatestRevisionDate"; Value = "2017"; VariantName = "[No Variations]"
Add component (AddParameter): Name = "LatestRevisionNote"; Value = "IPC-7351 Footprint Added."; VariantName = "[No Variations]"
Add component (AddParameter): Name = "PackageDescription"; Value = "3-Pin SOT-23 Package 0.95 mm Pitch, 2.3 mm Lead Span"; VariantName = "[No Variations]"
Add component (AddParameter): Name = "PackageReference"; Value = "SOT23"; VariantName = "[No Variations]"
Add component (AddParameter): Name = "PackageVersion"; Value = "2017-2-8"; VariantName = "[No Variations]"
Add component (AddParameter): Name = "Published"; Value = "2017-2-8"; VariantName = "[No Variations]"
Add component (AddParameter): Name = "Publisher"; Value = "Abbas Basereh"; VariantName = "[No Variations]"
Added Component: Designator=Q8(SOT23_N)
Add component. Clean all parameters for all variants
Add component (AddParameter): Name = "ComponentLink1Description"; Value = "Manufacturer Link"; VariantName = "[No Variations]"
Add component (AddParameter): Name = "ComponentLink1URL"; Value = "http://www.nxp.com/"; VariantName = "[No Variations]"
Add component (AddParameter): Name = "ComponentLink2Description"; Value = "Datasheet"; VariantName = "[No Variations]"
Add component (AddParameter): Name = "ComponentLink2URL"; Value = "http://www.nxp.com/"; VariantName = "[No Variations]"
Add component (AddParameter): Name = "DatasheetVersion"; Value = "2017"; VariantName = "[No Variations]"
Add component (AddParameter): Name = "LatestRevisionDate"; Value = "2017"; VariantName = "[No Variations]"
Add component (AddParameter): Name = "LatestRevisionNote"; Value = "IPC-7351 Footprint Added."; VariantName = "[No Variations]"
Add component (AddParameter): Name = "PackageDescription"; Value = "3-Pin SOT-23 Package 0.95 mm Pitch, 2.3 mm Lead Span"; VariantName = "[No Variations]"
Add component (AddParameter): Name = "PackageReference"; Value = "SOT23"; VariantName = "[No Variations]"
Add component (AddParameter): Name = "PackageVersion"; Value = "2017-2-8"; VariantName = "[No Variations]"
Add component (AddParameter): Name = "Published"; Value = "2017-2-8"; VariantName = "[No Variations]"
Add component (AddParameter): Name = "Publisher"; Value = "Abbas Basereh"; VariantName = "[No Variations]"
Added Component: Designator=Q9(SOT23_N)
Add component. Clean all parameters for all variants
Add component (AddParameter): Name = "ComponentLink1Description"; Value = "Manufacturer Link"; VariantName = "[No Variations]"
Add component (AddParameter): Name = "ComponentLink1URL"; Value = "http://www.nxp.com/"; VariantName = "[No Variations]"
Add component (AddParameter): Name = "ComponentLink2Description"; Value = "Datasheet"; VariantName = "[No Variations]"
Add component (AddParameter): Name = "ComponentLink2URL"; Value = "http://www.nxp.com/"; VariantName = "[No Variations]"
Add component (AddParameter): Name = "DatasheetVersion"; Value = "2017"; VariantName = "[No Variations]"
Add component (AddParameter): Name = "LatestRevisionDate"; Value = "2017"; VariantName = "[No Variations]"
Add component (AddParameter): Name = "LatestRevisionNote"; Value = "IPC-7351 Footprint Added."; VariantName = "[No Variations]"
Add component (AddParameter): Name = "PackageDescription"; Value = "3-Pin SOT-23 Package 0.95 mm Pitch, 2.3 mm Lead Span"; VariantName = "[No Variations]"
Add component (AddParameter): Name = "PackageReference"; Value = "SOT23"; VariantName = "[No Variations]"
Add component (AddParameter): Name = "PackageVersion"; Value = "2017-2-8"; VariantName = "[No Variations]"
Add component (AddParameter): Name = "Published"; Value = "2017-2-8"; VariantName = "[No Variations]"
Add component (AddParameter): Name = "Publisher"; Value = "Abbas Basereh"; VariantName = "[No Variations]"
Added Component: Designator=Q10(SOT23_N)
Add component. Clean all parameters for all variants
Add component (AddParameter): Name = "ComponentLink1Description"; Value = "Manufacturer Link"; VariantName = "[No Variations]"
Add component (AddParameter): Name = "ComponentLink1URL"; Value = "http://www.nxp.com/"; VariantName = "[No Variations]"
Add component (AddParameter): Name = "ComponentLink2Description"; Value = "Datasheet"; VariantName = "[No Variations]"
Add component (AddParameter): Name = "ComponentLink2URL"; Value = "http://www.nxp.com/"; VariantName = "[No Variations]"
Add component (AddParameter): Name = "DatasheetVersion"; Value = "2017"; VariantName = "[No Variations]"
Add component (AddParameter): Name = "LatestRevisionDate"; Value = "2017"; VariantName = "[No Variations]"
Add component (AddParameter): Name = "LatestRevisionNote"; Value = "IPC-7351 Footprint Added."; VariantName = "[No Variations]"
Add component (AddParameter): Name = "PackageDescription"; Value = "3-Pin SOT-23 Package 0.95 mm Pitch, 2.3 mm Lead Span"; VariantName = "[No Variations]"
Add component (AddParameter): Name = "PackageReference"; Value = "SOT23"; VariantName = "[No Variations]"
Add component (AddParameter): Name = "PackageVersion"; Value = "2017-2-8"; VariantName = "[No Variations]"
Add component (AddParameter): Name = "Published"; Value = "2017-2-8"; VariantName = "[No Variations]"
Add component (AddParameter): Name = "Publisher"; Value = "Abbas Basereh"; VariantName = "[No Variations]"
Added Component: Designator=Q11(SOT23_N)
Add component. Clean all parameters for all variants
Add component (AddParameter): Name = "ComponentLink1Description"; Value = "Manufacturer Link"; VariantName = "[No Variations]"
Add component (AddParameter): Name = "ComponentLink1URL"; Value = "http://www.nxp.com/"; VariantName = "[No Variations]"
Add component (AddParameter): Name = "ComponentLink2Description"; Value = "Datasheet"; VariantName = "[No Variations]"
Add component (AddParameter): Name = "ComponentLink2URL"; Value = "http://www.nxp.com/"; VariantName = "[No Variations]"
Add component (AddParameter): Name = "DatasheetVersion"; Value = "2017"; VariantName = "[No Variations]"
Add component (AddParameter): Name = "LatestRevisionDate"; Value = "2017"; VariantName = "[No Variations]"
Add component (AddParameter): Name = "LatestRevisionNote"; Value = "IPC-7351 Footprint Added."; VariantName = "[No Variations]"
Add component (AddParameter): Name = "PackageDescription"; Value = "3-Pin SOT-23 Package 0.95 mm Pitch, 2.3 mm Lead Span"; VariantName = "[No Variations]"
Add component (AddParameter): Name = "PackageReference"; Value = "SOT23"; VariantName = "[No Variations]"
Add component (AddParameter): Name = "PackageVersion"; Value = "2017-2-8"; VariantName = "[No Variations]"
Add component (AddParameter): Name = "Published"; Value = "2017-2-8"; VariantName = "[No Variations]"
Add component (AddParameter): Name = "Publisher"; Value = "Abbas Basereh"; VariantName = "[No Variations]"
Added Component: Designator=R1(_1206)
Add component. Clean all parameters for all variants
Add component (AddParameter): Name = "Value"; Value = "10R"; VariantName = "[No Variations]"
Added Component: Designator=R2(_1206)
Add component. Clean all parameters for all variants
Add component (AddParameter): Name = "Value"; Value = "10R"; VariantName = "[No Variations]"
Added Component: Designator=R3(_1206)
Add component. Clean all parameters for all variants
Add component (AddParameter): Name = "Value"; Value = "10R"; VariantName = "[No Variations]"
Added Component: Designator=R4(_1206)
Add component. Clean all parameters for all variants
Add component (AddParameter): Name = "Value"; Value = "10R"; VariantName = "[No Variations]"
Added Component: Designator=R5(_1206)
Add component. Clean all parameters for all variants
Add component (AddParameter): Name = "Value"; Value = "10R"; VariantName = "[No Variations]"
Added Component: Designator=R6(_1206)
Add component. Clean all parameters for all variants
Add component (AddParameter): Name = "Value"; Value = "10R"; VariantName = "[No Variations]"
Added Component: Designator=R7(_0805)
Add component. Clean all parameters for all variants
Add component (AddParameter): Name = "Value"; Value = "4.7K"; VariantName = "[No Variations]"
Added Component: Designator=R8(_0805)
Add component. Clean all parameters for all variants
Add component (AddParameter): Name = "Value"; Value = "4.7K"; VariantName = "[No Variations]"
Added Component: Designator=R9(_0805)
Add component. Clean all parameters for all variants
Add component (AddParameter): Name = "Value"; Value = "4.7K"; VariantName = "[No Variations]"
Added Component: Designator=R10(_0805)
Add component. Clean all parameters for all variants
Add component (AddParameter): Name = "Value"; Value = "10K"; VariantName = "[No Variations]"
Added Component: Designator=R11(_0805)
Add component. Clean all parameters for all variants
Add component (AddParameter): Name = "Value"; Value = "10K"; VariantName = "[No Variations]"
Added Component: Designator=R12(_0805)
Add component. Clean all parameters for all variants
Add component (AddParameter): Name = "Value"; Value = "10K"; VariantName = "[No Variations]"
Added Component: Designator=R13(_0805)
Add component. Clean all parameters for all variants
Add component (AddParameter): Name = "Value"; Value = "4.7K"; VariantName = "[No Variations]"
Added Component: Designator=R14(_0805)
Add component. Clean all parameters for all variants
Add component (AddParameter): Name = "Value"; Value = "4.7K"; VariantName = "[No Variations]"
Added Component: Designator=R15(_0805)
Add component. Clean all parameters for all variants
Add component (AddParameter): Name = "Value"; Value = "120R"; VariantName = "[No Variations]"
Added Component: Designator=R16(_0805)
Add component. Clean all parameters for all variants
Add component (AddParameter): Name = "Value"; Value = "4.7K"; VariantName = "[No Variations]"
Added Component: Designator=R17(_0805)
Add component. Clean all parameters for all variants
Add component (AddParameter): Name = "Value"; Value = "4.7K"; VariantName = "[No Variations]"
Added Component: Designator=R18(_0805)
Add component. Clean all parameters for all variants
Add component (AddParameter): Name = "Value"; Value = "4.7K"; VariantName = "[No Variations]"
Added Component: Designator=R19(_0805)
Add component. Clean all parameters for all variants
Add component (AddParameter): Name = "Value"; Value = "4.7K"; VariantName = "[No Variations]"
Added Component: Designator=R20(_0805)
Add component. Clean all parameters for all variants
Add component (AddParameter): Name = "Value"; Value = "4.7K"; VariantName = "[No Variations]"
Added Component: Designator=R21(_0805)
Add component. Clean all parameters for all variants
Add component (AddParameter): Name = "Value"; Value = "4.7K"; VariantName = "[No Variations]"
Added Component: Designator=R22(_0805)
Add component. Clean all parameters for all variants
Add component (AddParameter): Name = "Value"; Value = "4.7K"; VariantName = "[No Variations]"
Added Component: Designator=U1(_SO08)
Add component. Clean all parameters for all variants
Added Component: Designator=U2(_SO08)
Add component. Clean all parameters for all variants
Added Component: Designator=U3(_TO263)
Add component. Clean all parameters for all variants
Add component (AddParameter): Name = "Value"; Value = "5V"; VariantName = "[No Variations]"
Added Component: Designator=U4(_SO08)
Add component. Clean all parameters for all variants
Added Component: Designator=U5(SOIC127P600X175-8N)
Add component. Clean all parameters for all variants
Add component (AddParameter): Name = "Availability"; Value = "In Stock"; VariantName = "[No Variations]"
Add component (AddParameter): Name = "Check_prices"; Value = "https://www.snapeda.com/parts/TJA1050T/CM,118/NXP%20USA%20Inc./view-part/304529/?ref=eda"; VariantName = "[No Variations]"
Add component (AddParameter): Name = "MF"; Value = "NXP USA"; VariantName = "[No Variations]"
Add component (AddParameter): Name = "MP"; Value = "TJA1050T/CM,118"; VariantName = "[No Variations]"
Add component (AddParameter): Name = "Package"; Value = "SO-8 NXP Semiconductors"; VariantName = "[No Variations]"
Add component (AddParameter): Name = "Price"; Value = "None"; VariantName = "[No Variations]"
Add component (AddParameter): Name = "Purchase-URL"; Value = "https://pricing.snapeda.com/search/part/TJA1050T/CM,118/?ref=eda"; VariantName = "[No Variations]"
Add component (AddParameter): Name = "SnapEDA_Link"; Value = "https://www.snapeda.com/parts/TJA1050T/CM,118/NXP%20USA%20Inc./view-part/304529/?ref=snap"; VariantName = "[No Variations]"
Add component (AddParameter): Name = "Value"; Value = ""; VariantName = "[No Variations]"
Added Component: Designator=UP1(SOT223_N)
Add component. Clean all parameters for all variants
Add component (AddParameter): Name = "Data"; Value = "16-12-2016"; VariantName = "[No Variations]"
Add component (AddParameter): Name = "Designer"; Value = "Ali Hafizi"; VariantName = "[No Variations]"
Added Component: Designator=U(QFN50P500X500X100-29N)
Add component. Clean all parameters for all variants
Add component (AddParameter): Name = "Availability"; Value = "Unavailable"; VariantName = "[No Variations]"
Add component (AddParameter): Name = "MF"; Value = "Silicon Labs"; VariantName = "[No Variations]"
Add component (AddParameter): Name = "MP"; Value = "CP2102"; VariantName = "[No Variations]"
Add component (AddParameter): Name = "Package"; Value = "WFQFN-20 Silicon Labs"; VariantName = "[No Variations]"
Add component (AddParameter): Name = "Price"; Value = "None"; VariantName = "[No Variations]"
Add component (AddParameter): Name = "SnapEDA_Link"; Value = "https://www.snapeda.com/parts/CP2102/Silicon%20Labs/view-part/228557/?ref=snap"; VariantName = "[No Variations]"
Add component (AddParameter): Name = "Value"; Value = ""; VariantName = "[No Variations]"
Added Pin To Net: NetName=IO0 Pin=BOOT-1
Added Pin To Net: NetName=GND Pin=BOOT-2
Added Pin To Net: NetName=+12V Pin=C1-1
Added Pin To Net: NetName=PGND Pin=C1-2
Added Pin To Net: NetName=+12V Pin=C2-1
Added Pin To Net: NetName=PGND Pin=C2-2
Added Pin To Net: NetName=NetC3_1 Pin=C3-1
Added Pin To Net: NetName=PHA Pin=C3-2
Added Pin To Net: NetName=NetC3_1 Pin=C4-1
Added Pin To Net: NetName=PHA Pin=C4-2
Added Pin To Net: NetName=+12V Pin=C5-1
Added Pin To Net: NetName=PGND Pin=C5-2
Added Pin To Net: NetName=+12V Pin=C6-1
Added Pin To Net: NetName=PGND Pin=C6-2
Added Pin To Net: NetName=NetC7_1 Pin=C7-1
Added Pin To Net: NetName=PHB Pin=C7-2
Added Pin To Net: NetName=NetC7_1 Pin=C8-1
Added Pin To Net: NetName=PHB Pin=C8-2
Added Pin To Net: NetName=+12V Pin=C9-+
Added Pin To Net: NetName=PGND Pin=C9--
Added Pin To Net: NetName=+5v Pin=C10-+
Added Pin To Net: NetName=GND Pin=C10--
Added Pin To Net: NetName=+12V Pin=C11-1
Added Pin To Net: NetName=PGND Pin=C11-2
Added Pin To Net: NetName=+12V Pin=C12-1
Added Pin To Net: NetName=PGND Pin=C12-2
Added Pin To Net: NetName=NetC13_1 Pin=C13-1
Added Pin To Net: NetName=PHC Pin=C13-2
Added Pin To Net: NetName=NetC13_1 Pin=C14-1
Added Pin To Net: NetName=PHC Pin=C14-2
Added Pin To Net: NetName=+5v Pin=C15-1
Added Pin To Net: NetName=GND Pin=C15-2
Added Pin To Net: NetName=3V3 Pin=C16-1
Added Pin To Net: NetName=GND Pin=C16-2
Added Pin To Net: NetName=3V3 Pin=C17-1
Added Pin To Net: NetName=GND Pin=C17-2
Added Pin To Net: NetName=+5v Pin=C18-+
Added Pin To Net: NetName=GND Pin=C18--
Added Pin To Net: NetName=DCBUS Pin=C19-+
Added Pin To Net: NetName=PGND Pin=C19--
Added Pin To Net: NetName=DCBUS Pin=C20-+
Added Pin To Net: NetName=PGND Pin=C20--
Added Pin To Net: NetName=DCBUS Pin=C21-+
Added Pin To Net: NetName=PGND Pin=C21--
Added Pin To Net: NetName=EN Pin=C22-1
Added Pin To Net: NetName=GND Pin=C22-2
Added Pin To Net: NetName=IO0 Pin=C23-1
Added Pin To Net: NetName=GND Pin=C23-2
Added Pin To Net: NetName=+5v Pin=C24-1
Added Pin To Net: NetName=GND Pin=C24-2
Added Pin To Net: NetName=+12V Pin=DP1-1
Added Pin To Net: NetName=NetC3_1 Pin=DP1-2
Added Pin To Net: NetName=+12V Pin=DP2-1
Added Pin To Net: NetName=NetC7_1 Pin=DP2-2
Added Pin To Net: NetName=+12V Pin=DP3-1
Added Pin To Net: NetName=NetC13_1 Pin=DP3-2
Added Pin To Net: NetName=GND Pin=DP4-1
Added Pin To Net: NetName=NetDP4_2 Pin=DP4-2
Added Pin To Net: NetName=EN Pin=EN-1
Added Pin To Net: NetName=GND Pin=EN-2
Added Pin To Net: NetName=GND Pin=IC1-1
Added Pin To Net: NetName=3V3 Pin=IC1-2
Added Pin To Net: NetName=EN Pin=IC1-3
Added Pin To Net: NetName=A_P Pin=IC1-4
Added Pin To Net: NetName=A_N Pin=IC1-5
Added Pin To Net: NetName=PWM2 Pin=IC1-8
Added Pin To Net: NetName=PWM1 Pin=IC1-9
Added Pin To Net: NetName=PWM5 Pin=IC1-10
Added Pin To Net: NetName=PWM4 Pin=IC1-11
Added Pin To Net: NetName=PWM3 Pin=IC1-12
Added Pin To Net: NetName=SCK Pin=IC1-13
Added Pin To Net: NetName=MISO Pin=IC1-14
Added Pin To Net: NetName=GND Pin=IC1-15
Added Pin To Net: NetName=MOSI Pin=IC1-16
Added Pin To Net: NetName=CS Pin=IC1-23
Added Pin To Net: NetName=IO2 Pin=IC1-24
Added Pin To Net: NetName=IO0 Pin=IC1-25
Added Pin To Net: NetName=CAN RX Pin=IC1-26
Added Pin To Net: NetName=ENABLE Pin=IC1-27
Added Pin To Net: NetName=ESTOP Pin=IC1-28
Added Pin To Net: NetName=CAN TX Pin=IC1-29
Added Pin To Net: NetName=STEP Pin=IC1-30
Added Pin To Net: NetName=DIR Pin=IC1-31
Added Pin To Net: NetName=SCL Pin=IC1-33
Added Pin To Net: NetName=RXD0 Pin=IC1-34
Added Pin To Net: NetName=TXD0 Pin=IC1-35
Added Pin To Net: NetName=SDA Pin=IC1-36
Added Pin To Net: NetName=PWM6 Pin=IC1-37
Added Pin To Net: NetName=GND Pin=IC1-38
Added Pin To Net: NetName=GND Pin=IC1-39_1
Added Pin To Net: NetName=GND Pin=IC1-39_2
Added Pin To Net: NetName=GND Pin=IC1-39_3
Added Pin To Net: NetName=GND Pin=IC1-39_4
Added Pin To Net: NetName=GND Pin=IC1-39_5
Added Pin To Net: NetName=GND Pin=IC1-39_6
Added Pin To Net: NetName=GND Pin=IC1-39_7
Added Pin To Net: NetName=GND Pin=IC1-39_8
Added Pin To Net: NetName=GND Pin=IC1-39_9
Added Pin To Net: NetName=GND Pin=IC1-39_10
Added Pin To Net: NetName=GND Pin=IC1-39_11
Added Pin To Net: NetName=GND Pin=IC1-39_12
Added Pin To Net: NetName=GND Pin=IC1-39_13
Added Pin To Net: NetName=GND Pin=IC1-39_14
Added Pin To Net: NetName=GND Pin=IC1-39_15
Added Pin To Net: NetName=GND Pin=IC1-39_16
Added Pin To Net: NetName=GND Pin=IC1-39_17
Added Pin To Net: NetName=GND Pin=IC1-39_18
Added Pin To Net: NetName=GND Pin=IC1-39_19
Added Pin To Net: NetName=GND Pin=IC1-39_20
Added Pin To Net: NetName=GND Pin=IC1-39_21
Added Pin To Net: NetName=PHA Pin=J1-1
Added Pin To Net: NetName=PHB Pin=J2-1
Added Pin To Net: NetName=PHC Pin=J3-1
Added Pin To Net: NetName=+12V Pin=J4-1
Added Pin To Net: NetName=DIR Pin=J7-1
Added Pin To Net: NetName=STEP Pin=J7-2
Added Pin To Net: NetName=ESTOP Pin=J7-3
Added Pin To Net: NetName=ENABLE Pin=J7-4
Added Pin To Net: NetName=GND Pin=J7-5
Added Pin To Net: NetName=GND Pin=J7-S1
Added Pin To Net: NetName=GND Pin=J7-S2
Added Pin To Net: NetName=3V3 Pin=J8-1
Added Pin To Net: NetName=A_N Pin=J8-2
Added Pin To Net: NetName=A_P Pin=J8-3
Added Pin To Net: NetName=GND Pin=J8-4
Added Pin To Net: NetName=GND Pin=J8-S1
Added Pin To Net: NetName=GND Pin=J8-S2
Added Pin To Net: NetName=USB_D- Pin=J9-2
Added Pin To Net: NetName=USB_D+ Pin=J9-3
Added Pin To Net: NetName=GND Pin=J9-4
Added Pin To Net: NetName=GND Pin=J9-5
Added Pin To Net: NetName=GND Pin=J9-5
Added Pin To Net: NetName=GND Pin=J9-5
Added Pin To Net: NetName=GND Pin=J9-5
Added Pin To Net: NetName=GND Pin=J9-5
Added Pin To Net: NetName=3V3 Pin=J-1
Added Pin To Net: NetName=+5v Pin=J-1
Added Pin To Net: NetName=CAN_H Pin=J-1
Added Pin To Net: NetName=GND Pin=J-2
Added Pin To Net: NetName=SCK Pin=J-2
Added Pin To Net: NetName=SDA Pin=J-2
Added Pin To Net: NetName=CAN_L Pin=J-3
Added Pin To Net: NetName=MISO Pin=J-3
Added Pin To Net: NetName=SCL Pin=J-3
Added Pin To Net: NetName=GND Pin=J-4
Added Pin To Net: NetName=MOSI Pin=J-4
Added Pin To Net: NetName=CS Pin=J-5
Added Pin To Net: NetName=GND Pin=J-6
Added Pin To Net: NetName=GND Pin=J-S1
Added Pin To Net: NetName=GND Pin=J-S1
Added Pin To Net: NetName=GND Pin=J-S1
Added Pin To Net: NetName=GND Pin=J-S2
Added Pin To Net: NetName=GND Pin=J-S2
Added Pin To Net: NetName=GND Pin=J-S2
Added Pin To Net: NetName=NetDP4_2 Pin=L1-1
Added Pin To Net: NetName=+5v Pin=L1-2
Added Pin To Net: NetName=DCBUS Pin=Q1-D
Added Pin To Net: NetName=NetQ1_G Pin=Q1-G
Added Pin To Net: NetName=PHA Pin=Q1-S
Added Pin To Net: NetName=DCBUS Pin=Q2-D
Added Pin To Net: NetName=NetQ2_G Pin=Q2-G
Added Pin To Net: NetName=PHB Pin=Q2-S
Added Pin To Net: NetName=DCBUS Pin=Q3-D
Added Pin To Net: NetName=NetQ3_G Pin=Q3-G
Added Pin To Net: NetName=PHC Pin=Q3-S
Added Pin To Net: NetName=PHA Pin=Q4-D
Added Pin To Net: NetName=NetQ4_G Pin=Q4-G
Added Pin To Net: NetName=PGND Pin=Q4-S
Added Pin To Net: NetName=PHB Pin=Q5-D
Added Pin To Net: NetName=NetQ5_G Pin=Q5-G
Added Pin To Net: NetName=PGND Pin=Q5-S
Added Pin To Net: NetName=PHC Pin=Q6-D
Added Pin To Net: NetName=NetQ6_G Pin=Q6-G
Added Pin To Net: NetName=PGND Pin=Q6-S
Added Pin To Net: NetName=NetQ7_1 Pin=Q7-1
Added Pin To Net: NetName=GND Pin=Q7-2
Added Pin To Net: NetName=LA_ Pin=Q7-3
Added Pin To Net: NetName=NetQ8_1 Pin=Q8-1
Added Pin To Net: NetName=GND Pin=Q8-2
Added Pin To Net: NetName=LB_ Pin=Q8-3
Added Pin To Net: NetName=NetQ9_1 Pin=Q9-1
Added Pin To Net: NetName=GND Pin=Q9-2
Added Pin To Net: NetName=LC_ Pin=Q9-3
Added Pin To Net: NetName=NetQ10_1 Pin=Q10-1
Added Pin To Net: NetName=DTR Pin=Q10-2
Added Pin To Net: NetName=IO0 Pin=Q10-3
Added Pin To Net: NetName=NetQ11_1 Pin=Q11-1
Added Pin To Net: NetName=NetQ11_2 Pin=Q11-2
Added Pin To Net: NetName=EN Pin=Q11-3
Added Pin To Net: NetName=NetQ1_G Pin=R1-1
Added Pin To Net: NetName=GH_A Pin=R1-2
Added Pin To Net: NetName=NetQ2_G Pin=R2-1
Added Pin To Net: NetName=GH_B Pin=R2-2
Added Pin To Net: NetName=NetQ3_G Pin=R3-1
Added Pin To Net: NetName=GH_C Pin=R3-2
Added Pin To Net: NetName=NetQ4_G Pin=R4-1
Added Pin To Net: NetName=GL_A Pin=R4-2
Added Pin To Net: NetName=NetQ5_G Pin=R5-1
Added Pin To Net: NetName=GL_B Pin=R5-2
Added Pin To Net: NetName=NetQ6_G Pin=R6-1
Added Pin To Net: NetName=GL_C Pin=R6-2
Added Pin To Net: NetName=LA_ Pin=R7-1
Added Pin To Net: NetName=+5v Pin=R7-2
Added Pin To Net: NetName=LB_ Pin=R8-1
Added Pin To Net: NetName=+5v Pin=R8-2
Added Pin To Net: NetName=LC_ Pin=R9-1
Added Pin To Net: NetName=+5v Pin=R9-2
Added Pin To Net: NetName=NetQ7_1 Pin=R10-1
Added Pin To Net: NetName=LA Pin=R10-2
Added Pin To Net: NetName=NetQ8_1 Pin=R11-1
Added Pin To Net: NetName=LB Pin=R11-2
Added Pin To Net: NetName=NetQ9_1 Pin=R12-1
Added Pin To Net: NetName=LC Pin=R12-2
Added Pin To Net: NetName=IO0 Pin=R13-1
Added Pin To Net: NetName=3V3 Pin=R13-2
Added Pin To Net: NetName=EN Pin=R14-1
Added Pin To Net: NetName=3V3 Pin=R14-2
Added Pin To Net: NetName=CAN_L Pin=R15-1
Added Pin To Net: NetName=CAN_H Pin=R15-2
Added Pin To Net: NetName=SDA Pin=R16-1
Added Pin To Net: NetName=3V3 Pin=R16-2
Added Pin To Net: NetName=CAN TX Pin=R17-1
Added Pin To Net: NetName=3V3 Pin=R17-2
Added Pin To Net: NetName=GND Pin=R18-1
Added Pin To Net: NetName=MISO Pin=R18-2
Added Pin To Net: NetName=SCL Pin=R19-1
Added Pin To Net: NetName=3V3 Pin=R19-2
Added Pin To Net: NetName=IO2 Pin=R20-1
Added Pin To Net: NetName=3V3 Pin=R20-2
Added Pin To Net: NetName=NetQ11_1 Pin=R21-1
Added Pin To Net: NetName=DTR Pin=R21-2
Added Pin To Net: NetName=NetQ11_2 Pin=R22-1
Added Pin To Net: NetName=NetQ10_1 Pin=R22-2
Added Pin To Net: NetName=+12V Pin=U1-1
Added Pin To Net: NetName=HA Pin=U1-2
Added Pin To Net: NetName=LA_ Pin=U1-3
Added Pin To Net: NetName=PGND Pin=U1-4
Added Pin To Net: NetName=GL_A Pin=U1-5
Added Pin To Net: NetName=PHA Pin=U1-6
Added Pin To Net: NetName=GH_A Pin=U1-7
Added Pin To Net: NetName=NetC3_1 Pin=U1-8
Added Pin To Net: NetName=+12V Pin=U2-1
Added Pin To Net: NetName=HB Pin=U2-2
Added Pin To Net: NetName=LB_ Pin=U2-3
Added Pin To Net: NetName=PGND Pin=U2-4
Added Pin To Net: NetName=GL_B Pin=U2-5
Added Pin To Net: NetName=PHB Pin=U2-6
Added Pin To Net: NetName=GH_B Pin=U2-7
Added Pin To Net: NetName=NetC7_1 Pin=U2-8
Added Pin To Net: NetName=+12V Pin=U3-1
Added Pin To Net: NetName=NetDP4_2 Pin=U3-2
Added Pin To Net: NetName=GND Pin=U3-3
Added Pin To Net: NetName=+5v Pin=U3-4
Added Pin To Net: NetName=GND Pin=U3-5
Added Pin To Net: NetName=GND Pin=U3-6
Added Pin To Net: NetName=+12V Pin=U4-1
Added Pin To Net: NetName=HC Pin=U4-2
Added Pin To Net: NetName=LC_ Pin=U4-3
Added Pin To Net: NetName=PGND Pin=U4-4
Added Pin To Net: NetName=GL_C Pin=U4-5
Added Pin To Net: NetName=PHC Pin=U4-6
Added Pin To Net: NetName=GH_C Pin=U4-7
Added Pin To Net: NetName=NetC13_1 Pin=U4-8
Added Pin To Net: NetName=CAN_TXD Pin=U5-1
Added Pin To Net: NetName=GND Pin=U5-2
Added Pin To Net: NetName=+5v Pin=U5-3
Added Pin To Net: NetName=CAN_RXD Pin=U5-4
Added Pin To Net: NetName=CAN_L Pin=U5-6
Added Pin To Net: NetName=CAN_H Pin=U5-7
Added Pin To Net: NetName=GND Pin=U5-8
Added Pin To Net: NetName=GND Pin=U-3
Added Pin To Net: NetName=USB_D+ Pin=U-4
Added Pin To Net: NetName=USB_D- Pin=U-5
Added Pin To Net: NetName=+5v Pin=U-6
Added Pin To Net: NetName=+5v Pin=U-7
Added Pin To Net: NetName=+5v Pin=U-8
Added Pin To Net: NetName=RTS Pin=U-24
Added Pin To Net: NetName=TXD0 Pin=U-25
Added Pin To Net: NetName=RXD0 Pin=U-26
Added Pin To Net: NetName=DTR Pin=U-28
Added Pin To Net: NetName=GND Pin=U-29
Added Pin To Net: NetName=GND Pin=UP1-1
Added Pin To Net: NetName=3V3 Pin=UP1-2
Added Pin To Net: NetName=+5v Pin=UP1-3
Added Pin To Net: NetName=3V3 Pin=UP1-4
Added Member To Class: ClassName=mcu Member=Component BOOT 1437566-4
Added Member To Class: ClassName=power Member=Component C1 Cap
Added Member To Class: ClassName=power Member=Component C2 Cap
Added Member To Class: ClassName=power Member=Component C3 Cap
Added Member To Class: ClassName=power Member=Component C4 Cap
Added Member To Class: ClassName=power Member=Component C5 Cap
Added Member To Class: ClassName=power Member=Component C6 Cap
Added Member To Class: ClassName=power Member=Component C7 Cap
Added Member To Class: ClassName=power Member=Component C8 Cap
Added Member To Class: ClassName=power Member=Component C9 Cap-Pol
Added Member To Class: ClassName=power Member=Component C10 Cap-Pol
Added Member To Class: ClassName=power Member=Component C11 Cap
Added Member To Class: ClassName=power Member=Component C12 Cap
Added Member To Class: ClassName=power Member=Component C13 Cap
Added Member To Class: ClassName=power Member=Component C14 Cap
Added Member To Class: ClassName=power Member=Component C15 Cap
Added Member To Class: ClassName=power Member=Component C16 Cap
Added Member To Class: ClassName=power Member=Component C17 Cap
Added Member To Class: ClassName=power Member=Component C18 Cap-Pol
Added Member To Class: ClassName=power Member=Component C19 Cap-Pol
Added Member To Class: ClassName=power Member=Component C20 Cap-Pol
Added Member To Class: ClassName=power Member=Component C21 Cap-Pol
Added Member To Class: ClassName=mcu Member=Component C22 Cap
Added Member To Class: ClassName=mcu Member=Component C23 Cap
Added Member To Class: ClassName=mcu Member=Component C24 Cap
Added Member To Class: ClassName=power Member=Component DP1 1N5819
Added Member To Class: ClassName=power Member=Component DP2 1N5819
Added Member To Class: ClassName=power Member=Component DP3 1N5819
Added Member To Class: ClassName=power Member=Component DP4 1N5819
Added Member To Class: ClassName=mcu Member=Component EN 1437566-4
Added Member To Class: ClassName=mcu Member=Component IC1 ESP32-WROOM-32
Added Member To Class: ClassName=power Member=Component J1 
Added Member To Class: ClassName=power Member=Component J2 
Added Member To Class: ClassName=power Member=Component J3 
Added Member To Class: ClassName=power Member=Component J4 
Added Member To Class: ClassName=mcu Member=Component J7 DIGITAL_IO
Added Member To Class: ClassName=mcu Member=Component J8 ANALOG_CMD
Added Member To Class: ClassName=mcu Member=Component J9 Mini_USB
Added Member To Class: ClassName=mcu Member=Component J SPI
Added Member To Class: ClassName=mcu Member=Component J ENC/I2C
Added Member To Class: ClassName=mcu Member=Component J CAN
Added Member To Class: ClassName=power Member=Component L1 Inductor
Added Member To Class: ClassName=power Member=Component Q1 FILL_FOOTPRINT
Added Member To Class: ClassName=power Member=Component Q2 FILL_FOOTPRINT
Added Member To Class: ClassName=power Member=Component Q3 FILL_FOOTPRINT
Added Member To Class: ClassName=power Member=Component Q4 FILL_FOOTPRINT
Added Member To Class: ClassName=power Member=Component Q5 FILL_FOOTPRINT
Added Member To Class: ClassName=power Member=Component Q6 FILL_FOOTPRINT
Added Member To Class: ClassName=power Member=Component Q7 BC337
Added Member To Class: ClassName=power Member=Component Q8 BC337
Added Member To Class: ClassName=power Member=Component Q9 BC337
Added Member To Class: ClassName=mcu Member=Component Q10 BC337
Added Member To Class: ClassName=mcu Member=Component Q11 BC337
Added Member To Class: ClassName=power Member=Component R1 Resistor
Added Member To Class: ClassName=power Member=Component R2 Resistor
Added Member To Class: ClassName=power Member=Component R3 Resistor
Added Member To Class: ClassName=power Member=Component R4 Resistor
Added Member To Class: ClassName=power Member=Component R5 Resistor
Added Member To Class: ClassName=power Member=Component R6 Resistor
Added Member To Class: ClassName=power Member=Component R7 Resistor
Added Member To Class: ClassName=power Member=Component R8 Resistor
Added Member To Class: ClassName=power Member=Component R9 Resistor
Added Member To Class: ClassName=power Member=Component R10 Resistor
Added Member To Class: ClassName=power Member=Component R11 Resistor
Added Member To Class: ClassName=power Member=Component R12 Resistor
Added Member To Class: ClassName=mcu Member=Component R13 Resistor
Added Member To Class: ClassName=mcu Member=Component R14 Resistor
Added Member To Class: ClassName=mcu Member=Component R15 Resistor
Added Member To Class: ClassName=mcu Member=Component R16 Resistor
Added Member To Class: ClassName=mcu Member=Component R17 Resistor
Added Member To Class: ClassName=mcu Member=Component R18 Resistor
Added Member To Class: ClassName=mcu Member=Component R19 Resistor
Added Member To Class: ClassName=mcu Member=Component R20 Resistor
Added Member To Class: ClassName=mcu Member=Component R21 Resistor
Added Member To Class: ClassName=mcu Member=Component R22 Resistor
Added Member To Class: ClassName=power Member=Component U1 IR2104
Added Member To Class: ClassName=power Member=Component U2 IR2104
Added Member To Class: ClassName=power Member=Component U3 5V
Added Member To Class: ClassName=power Member=Component U4 IR2104
Added Member To Class: ClassName=mcu Member=Component U5 TJA1050T/CM,118
Added Member To Class: ClassName=power Member=Component UP1 3V3
Added Member To Class: ClassName=mcu Member=Component U CP2102
Added Room: Name=mcu
Added Room: Name=power
