Removed Pin From Net: NetName=+5v Pin=C24-1
Removed Pin From Net: NetName=GND Pin=C24-2
Removed Pin From Net: NetName=GND Pin=J9-4
Removed Pin From Net: NetName=GND Pin=J9-5
Removed Pin From Net: NetName=GND Pin=J9-5
Removed Pin From Net: NetName=GND Pin=J9-5
Removed Pin From Net: NetName=GND Pin=J9-5
Removed Pin From Net: NetName=GND Pin=J9-5
Removed Pin From Net: NetName=IO0 Pin=Q10-3
Removed Pin From Net: NetName=EN Pin=Q11-3
Removed Pin From Net: NetName=GND Pin=U-3
Removed Pin From Net: NetName=+5v Pin=U-6
Removed Pin From Net: NetName=+5v Pin=U-7
Removed Pin From Net: NetName=+5v Pin=U-8
Removed Pin From Net: NetName=TXD0 Pin=U-25
Removed Pin From Net: NetName=RXD0 Pin=U-26
Removed Pin From Net: NetName=GND Pin=U-29
Removed Member From Class: ClassName=mcu Member=C24
Removed Member From Class: ClassName=mcu Member=J9
Removed Member From Class: ClassName=mcu Member=Q10
Removed Member From Class: ClassName=mcu Member=Q11
Removed Member From Class: ClassName=mcu Member=R21
Removed Member From Class: ClassName=mcu Member=R22
Removed Member From Class: ClassName=mcu Member=U
Added Member To Class: ClassName=mcu Member=Component J ENC/I2C
Added Member To Class: ClassName=mcu Member=Component J CAN
Added Room: Name=mcu
Added Room: Name=power
