Removed Pin From Net: NetName=+12V Pin=C9-+
Removed Pin From Net: NetName=PGND Pin=C9--
Removed Pin From Net: NetName=+5v Pin=C10-+
Removed Pin From Net: NetName=GND Pin=C10--
Removed Pin From Net: NetName=+5v Pin=C15-1
Removed Pin From Net: NetName=GND Pin=C15-2
Removed Pin From Net: NetName=3V3 Pin=C16-1
Removed Pin From Net: NetName=GND Pin=C16-2
Removed Pin From Net: NetName=3V3 Pin=C17-1
Removed Pin From Net: NetName=GND Pin=C17-2
Removed Pin From Net: NetName=+5v Pin=C18-+
Removed Pin From Net: NetName=GND Pin=C18--
Removed Pin From Net: NetName=DCBUS Pin=C19-+
Removed Pin From Net: NetName=PGND Pin=C19--
Removed Pin From Net: NetName=DCBUS Pin=C20-+
Removed Pin From Net: NetName=PGND Pin=C20--
Removed Pin From Net: NetName=DCBUS Pin=C21-+
Removed Pin From Net: NetName=PGND Pin=C21--
Removed Pin From Net: NetName=GND Pin=DP4-1
Removed Pin From Net: NetName=+12V Pin=J4-1
Removed Pin From Net: NetName=+5v Pin=L1-2
Removed Pin From Net: NetName=+12V Pin=U3-1
Removed Pin From Net: NetName=GND Pin=U3-3
Removed Pin From Net: NetName=+5v Pin=U3-4
Removed Pin From Net: NetName=GND Pin=U3-5
Removed Pin From Net: NetName=GND Pin=U3-6
Removed Pin From Net: NetName=GND Pin=UP1-1
Removed Pin From Net: NetName=3V3 Pin=UP1-2
Removed Pin From Net: NetName=+5v Pin=UP1-3
Removed Pin From Net: NetName=3V3 Pin=UP1-4
Removed Member From Class: ClassName=power Member=C9
Removed Member From Class: ClassName=power Member=C10
Removed Member From Class: ClassName=power Member=C15
Removed Member From Class: ClassName=power Member=C16
Removed Member From Class: ClassName=power Member=C17
Removed Member From Class: ClassName=power Member=C18
Removed Member From Class: ClassName=power Member=C19
Removed Member From Class: ClassName=power Member=C20
Removed Member From Class: ClassName=power Member=C21
Removed Member From Class: ClassName=power Member=DP4
Removed Member From Class: ClassName=power Member=J4
Removed Member From Class: ClassName=power Member=L1
Removed Member From Class: ClassName=power Member=U3
Removed Member From Class: ClassName=power Member=UP1
Added Member To Class: ClassName=mcu Member=Component J UART
Added Member To Class: ClassName=mcu Member=Component J ENC/I2C
Added Room: Name=mcu
Added Room: Name=power
