Removed Pin From Net: NetName=GND Pin=C23-1
Removed Pin From Net: NetName=EN Pin=C23-2
Removed Pin From Net: NetName=GND Pin=C24-1
Removed Pin From Net: NetName=IO0 Pin=C24-2
Removed Pin From Net: NetName=GND Pin=C25-2
Removed Member From Class: ClassName=mcu Member=C25
Change Component Footprint: Designator=C23 Old Footprint=C0603 New Footprint=_1206
Change Component Footprint: Designator=C24 Old Footprint=C0603 New Footprint=_1206
Change Component Comment : Designator=C23 Old Comment=1nf New Comment=Cap
Change Component Comment : Designator=C24 Old Comment=1nf New Comment=Cap
Change component parameters: Designator = "C23"; Footprint = "_1206"; UniqueID = "\SUKFHAPQ"
Change component parameters. Clean all parameters for all variants
Change component parameters (AddParameter): Name = "Value"; Value = "100nF"; VariantName = "[No Variations]"
Change component parameters: Designator = "C24"; Footprint = "_1206"; UniqueID = "\DGPIMOSH"
Change component parameters. Clean all parameters for all variants
Change component parameters (AddParameter): Name = "Value"; Value = "100nF"; VariantName = "[No Variations]"
Added Component: Designator=C22(_1206)
Add component. Clean all parameters for all variants
Add component (AddParameter): Name = "Value"; Value = "100nF"; VariantName = "[No Variations]"
Added Component: Designator=IC1(MODULE_ESP32-WROOM-32)
Add component. Clean all parameters for all variants
Add component (AddParameter): Name = "Check_prices"; Value = "https://www.snapeda.com/parts/ESP32-WROOM-32/Espressif+Systems/view-part/?ref=eda"; VariantName = "[No Variations]"
Add component (AddParameter): Name = "Digi-Key_Part_Number"; Value = "1965-ESP32-WROOM-32U-N4CT-ND"; VariantName = "[No Variations]"
Add component (AddParameter): Name = "MF"; Value = "Espressif Systems"; VariantName = "[No Variations]"
Add component (AddParameter): Name = "MP"; Value = "ESP32-WROOM-32"; VariantName = "[No Variations]"
Add component (AddParameter): Name = "Package"; Value = "Module Espressif Systems"; VariantName = "[No Variations]"
Add component (AddParameter): Name = "Purchase-URL"; Value = "https://pricing.snapeda.com/search/part/ESP32-WROOM-32/?ref=eda"; VariantName = "[No Variations]"
Add component (AddParameter): Name = "SnapEDA_Link"; Value = "https://www.snapeda.com/parts/ESP32-WROOM-32/Espressif+Systems/view-part/?ref=snap"; VariantName = "[No Variations]"
Add component (AddParameter): Name = "Value"; Value = ""; VariantName = "[No Variations]"
Added Component: Designator=Q10(SOT23_N)
Add component. Clean all parameters for all variants
Add component (AddParameter): Name = "ComponentLink1Description"; Value = "Manufacturer Link"; VariantName = "[No Variations]"
Add component (AddParameter): Name = "ComponentLink1URL"; Value = "http://www.nxp.com/"; VariantName = "[No Variations]"
Add component (AddParameter): Name = "ComponentLink2Description"; Value = "Datasheet"; VariantName = "[No Variations]"
Add component (AddParameter): Name = "ComponentLink2URL"; Value = "http://www.nxp.com/"; VariantName = "[No Variations]"
Add component (AddParameter): Name = "DatasheetVersion"; Value = "2017"; VariantName = "[No Variations]"
Add component (AddParameter): Name = "LatestRevisionDate"; Value = "2017"; VariantName = "[No Variations]"
Add component (AddParameter): Name = "LatestRevisionNote"; Value = "IPC-7351 Footprint Added."; VariantName = "[No Variations]"
Add component (AddParameter): Name = "PackageDescription"; Value = "3-Pin SOT-23 Package 0.95 mm Pitch, 2.3 mm Lead Span"; VariantName = "[No Variations]"
Add component (AddParameter): Name = "PackageReference"; Value = "SOT23"; VariantName = "[No Variations]"
Add component (AddParameter): Name = "PackageVersion"; Value = "2017-2-8"; VariantName = "[No Variations]"
Add component (AddParameter): Name = "Published"; Value = "2017-2-8"; VariantName = "[No Variations]"
Add component (AddParameter): Name = "Publisher"; Value = "Abbas Basereh"; VariantName = "[No Variations]"
Added Component: Designator=Q11(SOT23_N)
Add component. Clean all parameters for all variants
Add component (AddParameter): Name = "ComponentLink1Description"; Value = "Manufacturer Link"; VariantName = "[No Variations]"
Add component (AddParameter): Name = "ComponentLink1URL"; Value = "http://www.nxp.com/"; VariantName = "[No Variations]"
Add component (AddParameter): Name = "ComponentLink2Description"; Value = "Datasheet"; VariantName = "[No Variations]"
Add component (AddParameter): Name = "ComponentLink2URL"; Value = "http://www.nxp.com/"; VariantName = "[No Variations]"
Add component (AddParameter): Name = "DatasheetVersion"; Value = "2017"; VariantName = "[No Variations]"
Add component (AddParameter): Name = "LatestRevisionDate"; Value = "2017"; VariantName = "[No Variations]"
Add component (AddParameter): Name = "LatestRevisionNote"; Value = "IPC-7351 Footprint Added."; VariantName = "[No Variations]"
Add component (AddParameter): Name = "PackageDescription"; Value = "3-Pin SOT-23 Package 0.95 mm Pitch, 2.3 mm Lead Span"; VariantName = "[No Variations]"
Add component (AddParameter): Name = "PackageReference"; Value = "SOT23"; VariantName = "[No Variations]"
Add component (AddParameter): Name = "PackageVersion"; Value = "2017-2-8"; VariantName = "[No Variations]"
Add component (AddParameter): Name = "Published"; Value = "2017-2-8"; VariantName = "[No Variations]"
Add component (AddParameter): Name = "Publisher"; Value = "Abbas Basereh"; VariantName = "[No Variations]"
Added Component: Designator=R13(_0805)
Add component. Clean all parameters for all variants
Add component (AddParameter): Name = "Value"; Value = "4.7K"; VariantName = "[No Variations]"
Added Component: Designator=R14(_0805)
Add component. Clean all parameters for all variants
Add component (AddParameter): Name = "Value"; Value = "4.7K"; VariantName = "[No Variations]"
Added Component: Designator=R15(_0805)
Add component. Clean all parameters for all variants
Add component (AddParameter): Name = "Value"; Value = "120R"; VariantName = "[No Variations]"
Added Component: Designator=R16(_0805)
Add component. Clean all parameters for all variants
Add component (AddParameter): Name = "Value"; Value = "4.7K"; VariantName = "[No Variations]"
Added Component: Designator=R17(_0805)
Add component. Clean all parameters for all variants
Add component (AddParameter): Name = "Value"; Value = "4.7K"; VariantName = "[No Variations]"
Added Component: Designator=R18(_0805)
Add component. Clean all parameters for all variants
Add component (AddParameter): Name = "Value"; Value = "4.7K"; VariantName = "[No Variations]"
Added Component: Designator=R19(_0805)
Add component. Clean all parameters for all variants
Add component (AddParameter): Name = "Value"; Value = "4.7K"; VariantName = "[No Variations]"
Added Component: Designator=R20(_0805)
Add component. Clean all parameters for all variants
Add component (AddParameter): Name = "Value"; Value = "4.7K"; VariantName = "[No Variations]"
Added Component: Designator=R21(_0805)
Add component. Clean all parameters for all variants
Add component (AddParameter): Name = "Value"; Value = "4.7K"; VariantName = "[No Variations]"
Added Component: Designator=R22(_0805)
Add component. Clean all parameters for all variants
Add component (AddParameter): Name = "Value"; Value = "4.7K"; VariantName = "[No Variations]"
Added Component: Designator=U(QFN50P500X500X100-29N)
Add component. Clean all parameters for all variants
Add component (AddParameter): Name = "Availability"; Value = "Unavailable"; VariantName = "[No Variations]"
Add component (AddParameter): Name = "MF"; Value = "Silicon Labs"; VariantName = "[No Variations]"
Add component (AddParameter): Name = "MP"; Value = "CP2102"; VariantName = "[No Variations]"
Add component (AddParameter): Name = "Package"; Value = "WFQFN-20 Silicon Labs"; VariantName = "[No Variations]"
Add component (AddParameter): Name = "Price"; Value = "None"; VariantName = "[No Variations]"
Add component (AddParameter): Name = "SnapEDA_Link"; Value = "https://www.snapeda.com/parts/CP2102/Silicon%20Labs/view-part/228557/?ref=snap"; VariantName = "[No Variations]"
Add component (AddParameter): Name = "Value"; Value = ""; VariantName = "[No Variations]"
Added Pin To Net: NetName=EN Pin=C22-1
Added Pin To Net: NetName=GND Pin=C22-2
Added Pin To Net: NetName=IO0 Pin=C23-1
Added Pin To Net: NetName=GND Pin=C23-2
Added Pin To Net: NetName=+5v Pin=C24-1
Added Pin To Net: NetName=GND Pin=C24-2
Added Pin To Net: NetName=GND Pin=IC1-1
Added Pin To Net: NetName=3V3 Pin=IC1-2
Added Pin To Net: NetName=EN Pin=IC1-3
Added Pin To Net: NetName=A_P Pin=IC1-4
Added Pin To Net: NetName=A_N Pin=IC1-5
Added Pin To Net: NetName=PWM2 Pin=IC1-8
Added Pin To Net: NetName=PWM1 Pin=IC1-9
Added Pin To Net: NetName=PWM5 Pin=IC1-10
Added Pin To Net: NetName=PWM4 Pin=IC1-11
Added Pin To Net: NetName=PWM3 Pin=IC1-12
Added Pin To Net: NetName=SCK Pin=IC1-13
Added Pin To Net: NetName=MISO Pin=IC1-14
Added Pin To Net: NetName=GND Pin=IC1-15
Added Pin To Net: NetName=MOSI Pin=IC1-16
Added Pin To Net: NetName=CS Pin=IC1-23
Added Pin To Net: NetName=IO2 Pin=IC1-24
Added Pin To Net: NetName=IO0 Pin=IC1-25
Added Pin To Net: NetName=CAN RX Pin=IC1-26
Added Pin To Net: NetName=ENABLE Pin=IC1-27
Added Pin To Net: NetName=ESTOP Pin=IC1-28
Added Pin To Net: NetName=CAN TX Pin=IC1-29
Added Pin To Net: NetName=STEP Pin=IC1-30
Added Pin To Net: NetName=DIR Pin=IC1-31
Added Pin To Net: NetName=SCL Pin=IC1-33
Added Pin To Net: NetName=RXD0 Pin=IC1-34
Added Pin To Net: NetName=TXD0 Pin=IC1-35
Added Pin To Net: NetName=SDA Pin=IC1-36
Added Pin To Net: NetName=PWM6 Pin=IC1-37
Added Pin To Net: NetName=GND Pin=IC1-38
Added Pin To Net: NetName=GND Pin=IC1-39_1
Added Pin To Net: NetName=GND Pin=IC1-39_2
Added Pin To Net: NetName=GND Pin=IC1-39_3
Added Pin To Net: NetName=GND Pin=IC1-39_4
Added Pin To Net: NetName=GND Pin=IC1-39_5
Added Pin To Net: NetName=GND Pin=IC1-39_6
Added Pin To Net: NetName=GND Pin=IC1-39_7
Added Pin To Net: NetName=GND Pin=IC1-39_8
Added Pin To Net: NetName=GND Pin=IC1-39_9
Added Pin To Net: NetName=GND Pin=IC1-39_10
Added Pin To Net: NetName=GND Pin=IC1-39_11
Added Pin To Net: NetName=GND Pin=IC1-39_12
Added Pin To Net: NetName=GND Pin=IC1-39_13
Added Pin To Net: NetName=GND Pin=IC1-39_14
Added Pin To Net: NetName=GND Pin=IC1-39_15
Added Pin To Net: NetName=GND Pin=IC1-39_16
Added Pin To Net: NetName=GND Pin=IC1-39_17
Added Pin To Net: NetName=GND Pin=IC1-39_18
Added Pin To Net: NetName=GND Pin=IC1-39_19
Added Pin To Net: NetName=GND Pin=IC1-39_20
Added Pin To Net: NetName=GND Pin=IC1-39_21
Added Pin To Net: NetName=NetQ10_1 Pin=Q10-1
Added Pin To Net: NetName=IO0 Pin=Q10-3
Added Pin To Net: NetName=NetQ11_1 Pin=Q11-1
Added Pin To Net: NetName=EN Pin=Q11-3
Added Pin To Net: NetName=IO0 Pin=R13-1
Added Pin To Net: NetName=3V3 Pin=R13-2
Added Pin To Net: NetName=EN Pin=R14-1
Added Pin To Net: NetName=3V3 Pin=R14-2
Added Pin To Net: NetName=CAN_L Pin=R15-1
Added Pin To Net: NetName=CAN_H Pin=R15-2
Added Pin To Net: NetName=SDA Pin=R16-1
Added Pin To Net: NetName=3V3 Pin=R16-2
Added Pin To Net: NetName=CAN TX Pin=R17-1
Added Pin To Net: NetName=3V3 Pin=R17-2
Added Pin To Net: NetName=GND Pin=R18-1
Added Pin To Net: NetName=MISO Pin=R18-2
Added Pin To Net: NetName=SCL Pin=R19-1
Added Pin To Net: NetName=3V3 Pin=R19-2
Added Pin To Net: NetName=IO2 Pin=R20-1
Added Pin To Net: NetName=3V3 Pin=R20-2
Added Pin To Net: NetName=NetQ11_1 Pin=R21-1
Added Pin To Net: NetName=NetQ10_1 Pin=R22-2
Added Pin To Net: NetName=GND Pin=U-3
Added Pin To Net: NetName=USB_D+ Pin=U-4
Added Pin To Net: NetName=USB_D- Pin=U-5
Added Pin To Net: NetName=+5v Pin=U-6
Added Pin To Net: NetName=+5v Pin=U-7
Added Pin To Net: NetName=+5v Pin=U-8
Added Pin To Net: NetName=TXD0 Pin=U-25
Added Pin To Net: NetName=RXD0 Pin=U-26
Added Pin To Net: NetName=GND Pin=U-29
Added Pin To Net: NetName=DTR Pin=Q10-2
Added Pin To Net: NetName=DTR Pin=R21-2
Added Pin To Net: NetName=DTR Pin=U-28
Added Net: Name=DTR
Added Pin To Net: NetName=NetQ11_2 Pin=Q11-2
Added Pin To Net: NetName=NetQ11_2 Pin=R22-1
Added Net: Name=NetQ11_2
Added Pin To Net: NetName=RTS Pin=U-24
Added Net: Name=RTS
Added Member To Class: ClassName=mcu Member=Component C22 Cap
Added Member To Class: ClassName=mcu Member=Component IC1 ESP32-WROOM-32
Added Member To Class: ClassName=mcu Member=Component J ENC/I2C
Added Member To Class: ClassName=mcu Member=Component J CAN
Added Member To Class: ClassName=mcu Member=Component Q10 BC337
Added Member To Class: ClassName=mcu Member=Component Q11 BC337
Added Member To Class: ClassName=mcu Member=Component R13 Resistor
Added Member To Class: ClassName=mcu Member=Component R14 Resistor
Added Member To Class: ClassName=mcu Member=Component R15 Resistor
Added Member To Class: ClassName=mcu Member=Component R16 Resistor
Added Member To Class: ClassName=mcu Member=Component R17 Resistor
Added Member To Class: ClassName=mcu Member=Component R18 Resistor
Added Member To Class: ClassName=mcu Member=Component R19 Resistor
Added Member To Class: ClassName=mcu Member=Component R20 Resistor
Added Member To Class: ClassName=mcu Member=Component R21 Resistor
Added Member To Class: ClassName=mcu Member=Component R22 Resistor
Added Member To Class: ClassName=mcu Member=Component U CP2102
