Removed Pin From Net: NetName=PGND Pin=C?-2
Removed Pin From Net: NetName=CAN_TXD Pin=U?-1
Removed Pin From Net: NetName=GND Pin=U?-8
Removed Member From Class: ClassName=mcu Member=C?
Removed Member From Class: ClassName=mcu Member=J?
Removed Member From Class: ClassName=mcu Member=Q?
Removed Member From Class: ClassName=mcu Member=U?
Change Component Designator: OldDesignator=C? NewDesignator=C1
Change Component Designator: OldDesignator=C? NewDesignator=C2
Change Component Designator: OldDesignator=C? NewDesignator=C3
Change Component Designator: OldDesignator=C? NewDesignator=C4
Change Component Designator: OldDesignator=C? NewDesignator=C5
Change Component Designator: OldDesignator=C? NewDesignator=C6
Change Component Designator: OldDesignator=C? NewDesignator=C7
Change Component Designator: OldDesignator=C? NewDesignator=C8
Change Component Designator: OldDesignator=C? NewDesignator=C11
Change Component Designator: OldDesignator=C? NewDesignator=C12
Change Component Designator: OldDesignator=C? NewDesignator=C13
Change Component Designator: OldDesignator=C? NewDesignator=C14
Change Component Designator: OldDesignator=C? NewDesignator=C15
Change Component Designator: OldDesignator=C? NewDesignator=C16
Change Component Designator: OldDesignator=C? NewDesignator=C17
Change Component Designator: OldDesignator=C? NewDesignator=C18
Change Component Designator: OldDesignator=C? NewDesignator=C23
Change Component Designator: OldDesignator=C? NewDesignator=C24
Change Component Designator: OldDesignator=C? NewDesignator=C25
Change Component Designator: OldDesignator=DP? NewDesignator=DP1
Change Component Designator: OldDesignator=DP? NewDesignator=DP2
Change Component Designator: OldDesignator=DP? NewDesignator=DP3
Change Component Designator: OldDesignator=DP? NewDesignator=DP4
Change Component Designator: OldDesignator=J? NewDesignator=J1
Change Component Designator: OldDesignator=J? NewDesignator=J2
Change Component Designator: OldDesignator=J? NewDesignator=J3
Change Component Designator: OldDesignator=J? NewDesignator=J4
Change Component Designator: OldDesignator=J? NewDesignator=J5
Change Component Designator: OldDesignator=J? NewDesignator=J6
Change Component Designator: OldDesignator=J? NewDesignator=J7
Change Component Designator: OldDesignator=J? NewDesignator=J8
Change Component Designator: OldDesignator=J? NewDesignator=J9
Change Component Designator: OldDesignator=L? NewDesignator=L1
Change Component Designator: OldDesignator=Q? NewDesignator=Q7
Change Component Designator: OldDesignator=Q? NewDesignator=Q8
Change Component Designator: OldDesignator=Q? NewDesignator=Q9
Change Component Designator: OldDesignator=U? NewDesignator=U1
Change Component Designator: OldDesignator=U? NewDesignator=U2
Change Component Designator: OldDesignator=U? NewDesignator=U3
Change Component Designator: OldDesignator=U? NewDesignator=U4
Added Pin To Net: NetName=EN Pin=C23-2
Added Pin To Net: NetName=GND Pin=Q7-2
Added Pin To Net: NetName=+12V Pin=U1-1
Change Net Name : Old Net Name=NetC?_2 New Net Name=NetC13_2
Change Net Name : Old Net Name=NetDP?_2 New Net Name=NetDP4_2
Added Pin To Net: NetName=NetC3_2 Pin=C3-2
Added Pin To Net: NetName=NetC3_2 Pin=C4-2
Added Pin To Net: NetName=NetC3_2 Pin=DP1-2
Added Pin To Net: NetName=NetC3_2 Pin=U1-8
Added Net: Name=NetC3_2
Added Pin To Net: NetName=NetC7_2 Pin=C7-2
Added Pin To Net: NetName=NetC7_2 Pin=C8-2
Added Pin To Net: NetName=NetC7_2 Pin=DP2-2
Added Pin To Net: NetName=NetC7_2 Pin=U2-8
Added Net: Name=NetC7_2
Added Pin To Net: NetName=NetC25_1 Pin=C25-1
Added Net: Name=NetC25_1
Added Net: Name=NetIC2_24
Added Net: Name=NetIC2_28
Added Net: Name=NetQ1_G
Added Net: Name=NetQ2_G
Added Net: Name=NetQ3_G
Added Net: Name=NetQ4_G
Added Net: Name=NetQ5_G
Added Net: Name=NetQ6_G
Added Pin To Net: NetName=NetQ7_1 Pin=Q7-1
Added Net: Name=NetQ7_1
Added Pin To Net: NetName=NetQ8_1 Pin=Q8-1
Added Net: Name=NetQ8_1
Added Pin To Net: NetName=NetQ9_1 Pin=Q9-1
Added Net: Name=NetQ9_1
Added Net: Name=NetQ10_1
Added Net: Name=NetQ11_1
Added Member To Class: ClassName=power Member=Component C1 100nf
Added Member To Class: ClassName=power Member=Component C2 10uf
Added Member To Class: ClassName=power Member=Component C3 10uf
Added Member To Class: ClassName=power Member=Component C4 100nf
Added Member To Class: ClassName=power Member=Component C5 100nf
Added Member To Class: ClassName=power Member=Component C6 10uf
Added Member To Class: ClassName=power Member=Component C7 10uf
Added Member To Class: ClassName=power Member=Component C8 100nf
Added Member To Class: ClassName=power Member=Component C11 100nf
Added Member To Class: ClassName=power Member=Component C12 10uf
Added Member To Class: ClassName=power Member=Component C13 10uf
Added Member To Class: ClassName=power Member=Component C14 100nf
Added Member To Class: ClassName=power Member=Component C15 Cap
Added Member To Class: ClassName=power Member=Component C16 Cap
Added Member To Class: ClassName=power Member=Component C18 Cap-Pol
Added Member To Class: ClassName=mcu Member=Component C23 1nf
Added Member To Class: ClassName=mcu Member=Component C24 1nf
Added Member To Class: ClassName=mcu Member=Component C25 100nF
Added Member To Class: ClassName=power Member=Component DP1 1N5819
Added Member To Class: ClassName=power Member=Component DP2 1N5819
Added Member To Class: ClassName=power Member=Component DP3 1N5819
Added Member To Class: ClassName=power Member=Component J1 
Added Member To Class: ClassName=power Member=Component J2 
Added Member To Class: ClassName=power Member=Component J4 
Added Member To Class: ClassName=power Member=Component J5 
Added Member To Class: ClassName=power Member=Component J6 
Added Member To Class: ClassName=mcu Member=Component J7 DIGITAL_IO
Added Member To Class: ClassName=mcu Member=Component J8 ANALOG_CMD
Added Member To Class: ClassName=mcu Member=Component J9 Mini_USB
Added Member To Class: ClassName=mcu Member=Component J ENC/I2C
Added Member To Class: ClassName=mcu Member=Component J CAN
Added Member To Class: ClassName=power Member=Component Q7 BC337
Added Member To Class: ClassName=power Member=Component Q8 BC337
Added Member To Class: ClassName=power Member=Component U1 IR2104
Added Member To Class: ClassName=power Member=Component U2 IR2104
Added Member To Class: ClassName=power Member=Component U4 IR2104
