Removed Pin From Net: NetName=PGND Pin=C1-1
Removed Pin From Net: NetName=+12V Pin=C1-2
Removed Pin From Net: NetName=PGND Pin=C2-1
Removed Pin From Net: NetName=+12V Pin=C2-2
Removed Pin From Net: NetName=PHA Pin=C3-1
Removed Pin From Net: NetName=PHA Pin=C4-1
Removed Pin From Net: NetName=PGND Pin=C5-1
Removed Pin From Net: NetName=+12V Pin=C5-2
Removed Pin From Net: NetName=PGND Pin=C6-1
Removed Pin From Net: NetName=+12V Pin=C6-2
Removed Pin From Net: NetName=PHB Pin=C7-1
Removed Pin From Net: NetName=PHB Pin=C8-1
Removed Pin From Net: NetName=PGND Pin=C11-1
Removed Pin From Net: NetName=+12V Pin=C11-2
Removed Pin From Net: NetName=PGND Pin=C12-1
Removed Pin From Net: NetName=+12V Pin=C12-2
Removed Pin From Net: NetName=PHC Pin=C13-1
Removed Pin From Net: NetName=PHC Pin=C14-1
Removed Pin From Net: NetName=DCBUS Pin=J5-1
Removed Pin From Net: NetName=PGND Pin=J6-1
Removed Member From Class: ClassName=power Member=J5
Removed Member From Class: ClassName=power Member=J6
Change Component Footprint: Designator=C1 Old Footprint=CAPC4817X12N New Footprint=_1206
Change Component Footprint: Designator=C2 Old Footprint=CAPC4817X12N New Footprint=_1206
Change Component Footprint: Designator=C3 Old Footprint=CAPC4817X12N New Footprint=_1206
Change Component Footprint: Designator=C4 Old Footprint=CAPC4817X12N New Footprint=_1206
Change Component Footprint: Designator=C5 Old Footprint=CAPC4817X12N New Footprint=_1206
Change Component Footprint: Designator=C6 Old Footprint=CAPC4817X12N New Footprint=_1206
Change Component Footprint: Designator=C7 Old Footprint=CAPC4817X12N New Footprint=_1206
Change Component Footprint: Designator=C8 Old Footprint=CAPC4817X12N New Footprint=_1206
Change Component Footprint: Designator=C11 Old Footprint=CAPC4817X12N New Footprint=_1206
Change Component Footprint: Designator=C12 Old Footprint=CAPC4817X12N New Footprint=_1206
Change Component Footprint: Designator=C13 Old Footprint=CAPC4817X12N New Footprint=_1206
Change Component Footprint: Designator=C14 Old Footprint=CAPC4817X12N New Footprint=_1206
Change Component Comment : Designator=C2 Old Comment=10uf New Comment=Cap
Change Component Comment : Designator=C3 Old Comment=10uf New Comment=Cap
Change Component Comment : Designator=C6 Old Comment=10uf New Comment=Cap
Change Component Comment : Designator=C7 Old Comment=10uf New Comment=Cap
Change Component Comment : Designator=C12 Old Comment=10uf New Comment=Cap
Change Component Comment : Designator=C13 Old Comment=10uf New Comment=Cap
Change Component Comment : Designator=C1 Old Comment=100nf New Comment=Cap
Change Component Comment : Designator=C4 Old Comment=100nf New Comment=Cap
Change Component Comment : Designator=C5 Old Comment=100nf New Comment=Cap
Change Component Comment : Designator=C8 Old Comment=100nf New Comment=Cap
Change Component Comment : Designator=C11 Old Comment=100nf New Comment=Cap
Change Component Comment : Designator=C14 Old Comment=100nf New Comment=Cap
Change component parameters: Designator = "C1"; Footprint = "_1206"; UniqueID = "\AYNILEOI"
Change component parameters. Clean all parameters for all variants
Change component parameters (AddParameter): Name = "Value"; Value = "100nF"; VariantName = "[No Variations]"
Change component parameters: Designator = "C2"; Footprint = "_1206"; UniqueID = "\CUEPUFJN"
Change component parameters. Clean all parameters for all variants
Change component parameters (AddParameter): Name = "Value"; Value = "10uF"; VariantName = "[No Variations]"
Change component parameters: Designator = "C3"; Footprint = "_1206"; UniqueID = "\CHSJHPKH"
Change component parameters. Clean all parameters for all variants
Change component parameters (AddParameter): Name = "Value"; Value = "100nF"; VariantName = "[No Variations]"
Change component parameters: Designator = "C4"; Footprint = "_1206"; UniqueID = "\UJWKMRAB"
Change component parameters. Clean all parameters for all variants
Change component parameters (AddParameter): Name = "Value"; Value = "10uF"; VariantName = "[No Variations]"
Change component parameters: Designator = "C5"; Footprint = "_1206"; UniqueID = "\DCVFBBCO"
Change component parameters. Clean all parameters for all variants
Change component parameters (AddParameter): Name = "Value"; Value = "100nF"; VariantName = "[No Variations]"
Change component parameters: Designator = "C6"; Footprint = "_1206"; UniqueID = "\LAOYKOKF"
Change component parameters. Clean all parameters for all variants
Change component parameters (AddParameter): Name = "Value"; Value = "10uF"; VariantName = "[No Variations]"
Change component parameters: Designator = "C7"; Footprint = "_1206"; UniqueID = "\OXIRKIHX"
Change component parameters. Clean all parameters for all variants
Change component parameters (AddParameter): Name = "Value"; Value = "100nF"; VariantName = "[No Variations]"
Change component parameters: Designator = "C8"; Footprint = "_1206"; UniqueID = "\CQKBMDFF"
Change component parameters. Clean all parameters for all variants
Change component parameters (AddParameter): Name = "Value"; Value = "10uF"; VariantName = "[No Variations]"
Change component parameters: Designator = "C11"; Footprint = "_1206"; UniqueID = "\HLGOYDUY"
Change component parameters. Clean all parameters for all variants
Change component parameters (AddParameter): Name = "Value"; Value = "100nF"; VariantName = "[No Variations]"
Change component parameters: Designator = "C12"; Footprint = "_1206"; UniqueID = "\JIKTWLYL"
Change component parameters. Clean all parameters for all variants
Change component parameters (AddParameter): Name = "Value"; Value = "10uF"; VariantName = "[No Variations]"
Change component parameters: Designator = "C13"; Footprint = "_1206"; UniqueID = "\DKQKOWHW"
Change component parameters. Clean all parameters for all variants
Change component parameters (AddParameter): Name = "Value"; Value = "100nF"; VariantName = "[No Variations]"
Change component parameters: Designator = "C14"; Footprint = "_1206"; UniqueID = "\OIIMYLID"
Change component parameters. Clean all parameters for all variants
Change component parameters (AddParameter): Name = "Value"; Value = "10uF"; VariantName = "[No Variations]"
Added Component: Designator=C9(_CPOL-RADIAL-5MM-10MM)
Add component. Clean all parameters for all variants
Add component (AddParameter): Name = "Value"; Value = "560uF"; VariantName = "[No Variations]"
Added Component: Designator=C10(_CPOL-RADIAL-5MM-10MM)
Add component. Clean all parameters for all variants
Add component (AddParameter): Name = "Value"; Value = "560uF"; VariantName = "[No Variations]"
Added Component: Designator=C19(_CPOL-RADIAL-5MM-10MM)
Add component. Clean all parameters for all variants
Add component (AddParameter): Name = "Value"; Value = "100uF"; VariantName = "[No Variations]"
Added Component: Designator=C20(_CPOL-RADIAL-5MM-10MM)
Add component. Clean all parameters for all variants
Add component (AddParameter): Name = "Value"; Value = "100uF"; VariantName = "[No Variations]"
Added Component: Designator=C21(_CPOL-RADIAL-5MM-10MM)
Add component. Clean all parameters for all variants
Add component (AddParameter): Name = "Value"; Value = "100uF"; VariantName = "[No Variations]"
Added Component: Designator=R1(_1206)
Add component. Clean all parameters for all variants
Add component (AddParameter): Name = "Value"; Value = "10R"; VariantName = "[No Variations]"
Added Component: Designator=R2(_1206)
Add component. Clean all parameters for all variants
Add component (AddParameter): Name = "Value"; Value = "10R"; VariantName = "[No Variations]"
Added Component: Designator=R3(_1206)
Add component. Clean all parameters for all variants
Add component (AddParameter): Name = "Value"; Value = "10R"; VariantName = "[No Variations]"
Added Component: Designator=R4(_1206)
Add component. Clean all parameters for all variants
Add component (AddParameter): Name = "Value"; Value = "10R"; VariantName = "[No Variations]"
Added Component: Designator=R5(_1206)
Add component. Clean all parameters for all variants
Add component (AddParameter): Name = "Value"; Value = "10R"; VariantName = "[No Variations]"
Added Component: Designator=R6(_1206)
Add component. Clean all parameters for all variants
Add component (AddParameter): Name = "Value"; Value = "10R"; VariantName = "[No Variations]"
Added Component: Designator=R7(_0805)
Add component. Clean all parameters for all variants
Add component (AddParameter): Name = "Value"; Value = "4.7K"; VariantName = "[No Variations]"
Added Component: Designator=R8(_0805)
Add component. Clean all parameters for all variants
Add component (AddParameter): Name = "Value"; Value = "4.7K"; VariantName = "[No Variations]"
Added Component: Designator=R9(_0805)
Add component. Clean all parameters for all variants
Add component (AddParameter): Name = "Value"; Value = "4.7K"; VariantName = "[No Variations]"
Added Component: Designator=R10(_0805)
Add component. Clean all parameters for all variants
Add component (AddParameter): Name = "Value"; Value = "10K"; VariantName = "[No Variations]"
Added Component: Designator=R11(_0805)
Add component. Clean all parameters for all variants
Add component (AddParameter): Name = "Value"; Value = "10K"; VariantName = "[No Variations]"
Added Component: Designator=R12(_0805)
Add component. Clean all parameters for all variants
Add component (AddParameter): Name = "Value"; Value = "10K"; VariantName = "[No Variations]"
Added Pin To Net: NetName=+12V Pin=C1-1
Added Pin To Net: NetName=PGND Pin=C1-2
Added Pin To Net: NetName=+12V Pin=C2-1
Added Pin To Net: NetName=PGND Pin=C2-2
Added Pin To Net: NetName=PHA Pin=C3-2
Added Pin To Net: NetName=PHA Pin=C4-2
Added Pin To Net: NetName=+12V Pin=C5-1
Added Pin To Net: NetName=PGND Pin=C5-2
Added Pin To Net: NetName=+12V Pin=C6-1
Added Pin To Net: NetName=PGND Pin=C6-2
Added Pin To Net: NetName=PHB Pin=C7-2
Added Pin To Net: NetName=PHB Pin=C8-2
Added Pin To Net: NetName=+12V Pin=C9-+
Added Pin To Net: NetName=PGND Pin=C9--
Added Pin To Net: NetName=+5v Pin=C10-+
Added Pin To Net: NetName=GND Pin=C10--
Added Pin To Net: NetName=+12V Pin=C11-1
Added Pin To Net: NetName=PGND Pin=C11-2
Added Pin To Net: NetName=+12V Pin=C12-1
Added Pin To Net: NetName=PGND Pin=C12-2
Added Pin To Net: NetName=PHC Pin=C13-2
Added Pin To Net: NetName=PHC Pin=C14-2
Added Pin To Net: NetName=DCBUS Pin=C19-+
Added Pin To Net: NetName=PGND Pin=C19--
Added Pin To Net: NetName=DCBUS Pin=C20-+
Added Pin To Net: NetName=PGND Pin=C20--
Added Pin To Net: NetName=DCBUS Pin=C21-+
Added Pin To Net: NetName=PGND Pin=C21--
Added Pin To Net: NetName=NetQ1_G Pin=R1-1
Added Pin To Net: NetName=GH_A Pin=R1-2
Added Pin To Net: NetName=NetQ2_G Pin=R2-1
Added Pin To Net: NetName=GH_B Pin=R2-2
Added Pin To Net: NetName=NetQ3_G Pin=R3-1
Added Pin To Net: NetName=GH_C Pin=R3-2
Added Pin To Net: NetName=NetQ4_G Pin=R4-1
Added Pin To Net: NetName=GL_A Pin=R4-2
Added Pin To Net: NetName=NetQ5_G Pin=R5-1
Added Pin To Net: NetName=GL_B Pin=R5-2
Added Pin To Net: NetName=NetQ6_G Pin=R6-1
Added Pin To Net: NetName=GL_C Pin=R6-2
Added Pin To Net: NetName=LA_ Pin=R7-1
Added Pin To Net: NetName=+5v Pin=R7-2
Added Pin To Net: NetName=LB_ Pin=R8-1
Added Pin To Net: NetName=+5v Pin=R8-2
Added Pin To Net: NetName=LC_ Pin=R9-1
Added Pin To Net: NetName=+5v Pin=R9-2
Added Pin To Net: NetName=NetQ7_1 Pin=R10-1
Added Pin To Net: NetName=LA Pin=R10-2
Added Pin To Net: NetName=NetQ8_1 Pin=R11-1
Added Pin To Net: NetName=LB Pin=R11-2
Added Pin To Net: NetName=NetQ9_1 Pin=R12-1
Added Pin To Net: NetName=LC Pin=R12-2
Added Pin To Net: NetName=NetC3_1 Pin=C3-1
Added Pin To Net: NetName=NetC3_1 Pin=C4-1
Added Pin To Net: NetName=NetC3_1 Pin=DP1-2
Added Pin To Net: NetName=NetC3_1 Pin=U1-8
Added Net: Name=NetC3_1
Added Pin To Net: NetName=NetC7_1 Pin=C7-1
Added Pin To Net: NetName=NetC7_1 Pin=C8-1
Added Pin To Net: NetName=NetC7_1 Pin=DP2-2
Added Pin To Net: NetName=NetC7_1 Pin=U2-8
Added Net: Name=NetC7_1
Added Pin To Net: NetName=NetC13_1 Pin=C13-1
Added Pin To Net: NetName=NetC13_1 Pin=C14-1
Added Pin To Net: NetName=NetC13_1 Pin=DP3-2
Added Pin To Net: NetName=NetC13_1 Pin=U4-8
Added Net: Name=NetC13_1
Added Member To Class: ClassName=power Member=Component C9 Cap-Pol
Added Member To Class: ClassName=power Member=Component C10 Cap-Pol
Added Member To Class: ClassName=power Member=Component C19 Cap-Pol
Added Member To Class: ClassName=power Member=Component C20 Cap-Pol
Added Member To Class: ClassName=power Member=Component C21 Cap-Pol
Added Member To Class: ClassName=mcu Member=Component J ENC/I2C
Added Member To Class: ClassName=mcu Member=Component J CAN
Added Member To Class: ClassName=power Member=Component R1 Resistor
Added Member To Class: ClassName=power Member=Component R2 Resistor
Added Member To Class: ClassName=power Member=Component R3 Resistor
Added Member To Class: ClassName=power Member=Component R4 Resistor
Added Member To Class: ClassName=power Member=Component R5 Resistor
Added Member To Class: ClassName=power Member=Component R6 Resistor
Added Member To Class: ClassName=power Member=Component R7 Resistor
Added Member To Class: ClassName=power Member=Component R8 Resistor
Added Member To Class: ClassName=power Member=Component R9 Resistor
Added Member To Class: ClassName=power Member=Component R10 Resistor
Added Member To Class: ClassName=power Member=Component R11 Resistor
Added Member To Class: ClassName=power Member=Component R12 Resistor
